<?xml version="1.0" encoding="UTF-8"?>
<coverage generated="1559085655835" clover="3.2.0">
  <project timestamp="1559085655836" name="All files">
    <metrics statements="329" coveredstatements="92" conditionals="120" coveredconditionals="14" methods="151" coveredmethods="10" elements="600" coveredelements="116" complexity="0" loc="329" ncloc="329" packages="14" files="43" classes="43">
      <package name="project-boost-mobile">
        <metrics statements="20" coveredstatements="16" conditionals="13" coveredconditionals="11" methods="7" coveredmethods="5"/>
        <file name="App.js" path="/Users/faustinocortina/cs52/project-boost-mobile/App.js">
          <metrics statements="20" coveredstatements="16" conditionals="13" coveredconditionals="11" methods="7" coveredmethods="5"/>
          <line num="18" count="1" type="stmt"/>
          <line num="27" count="1" type="stmt"/>
          <line num="31" count="2" type="stmt"/>
          <line num="33" count="2" type="stmt"/>
          <line num="40" count="2" type="cond" truecount="2" falsecount="0"/>
          <line num="41" count="1" type="stmt"/>
          <line num="44" count="2" type="stmt"/>
          <line num="50" count="0" type="stmt"/>
          <line num="54" count="1" type="stmt"/>
          <line num="58" count="1" type="stmt"/>
          <line num="93" count="5" type="cond" truecount="2" falsecount="0"/>
          <line num="97" count="2" type="stmt"/>
          <line num="105" count="3" type="stmt"/>
          <line num="117" count="2" type="cond" truecount="1" falsecount="1"/>
          <line num="118" count="0" type="stmt"/>
          <line num="123" count="2" type="cond" truecount="1" falsecount="1"/>
          <line num="124" count="0" type="stmt"/>
          <line num="130" count="0" type="stmt"/>
          <line num="136" count="2" type="stmt"/>
          <line num="145" count="1" type="stmt"/>
        </file>
      </package>
      <package name="project-boost-mobile.assets.background-images">
        <metrics statements="1" coveredstatements="1" conditionals="0" coveredconditionals="0" methods="0" coveredmethods="0"/>
        <file name="home-bottom.png" path="/Users/faustinocortina/cs52/project-boost-mobile/assets/background-images/home-bottom.png">
          <metrics statements="1" coveredstatements="1" conditionals="0" coveredconditionals="0" methods="0" coveredmethods="0"/>
          <line num="1" count="1" type="stmt"/>
        </file>
      </package>
      <package name="project-boost-mobile.assets.fonts">
        <metrics statements="1" coveredstatements="1" conditionals="0" coveredconditionals="0" methods="0" coveredmethods="0"/>
        <file name="SpaceMono-Regular.ttf" path="/Users/faustinocortina/cs52/project-boost-mobile/assets/fonts/SpaceMono-Regular.ttf">
          <metrics statements="1" coveredstatements="1" conditionals="0" coveredconditionals="0" methods="0" coveredmethods="0"/>
          <line num="1" count="1" type="stmt"/>
        </file>
      </package>
      <package name="project-boost-mobile.assets.fonts.raleway">
        <metrics statements="18" coveredstatements="18" conditionals="0" coveredconditionals="0" methods="0" coveredmethods="0"/>
        <file name="Raleway-Black.ttf" path="/Users/faustinocortina/cs52/project-boost-mobile/assets/fonts/raleway/Raleway-Black.ttf">
          <metrics statements="1" coveredstatements="1" conditionals="0" coveredconditionals="0" methods="0" coveredmethods="0"/>
          <line num="1" count="1" type="stmt"/>
        </file>
        <file name="Raleway-BlackItalic.ttf" path="/Users/faustinocortina/cs52/project-boost-mobile/assets/fonts/raleway/Raleway-BlackItalic.ttf">
          <metrics statements="1" coveredstatements="1" conditionals="0" coveredconditionals="0" methods="0" coveredmethods="0"/>
          <line num="1" count="1" type="stmt"/>
        </file>
        <file name="Raleway-Bold.ttf" path="/Users/faustinocortina/cs52/project-boost-mobile/assets/fonts/raleway/Raleway-Bold.ttf">
          <metrics statements="1" coveredstatements="1" conditionals="0" coveredconditionals="0" methods="0" coveredmethods="0"/>
          <line num="1" count="1" type="stmt"/>
        </file>
        <file name="Raleway-BoldItalic.ttf" path="/Users/faustinocortina/cs52/project-boost-mobile/assets/fonts/raleway/Raleway-BoldItalic.ttf">
          <metrics statements="1" coveredstatements="1" conditionals="0" coveredconditionals="0" methods="0" coveredmethods="0"/>
          <line num="1" count="1" type="stmt"/>
        </file>
        <file name="Raleway-ExtraBold.ttf" path="/Users/faustinocortina/cs52/project-boost-mobile/assets/fonts/raleway/Raleway-ExtraBold.ttf">
          <metrics statements="1" coveredstatements="1" conditionals="0" coveredconditionals="0" methods="0" coveredmethods="0"/>
          <line num="1" count="1" type="stmt"/>
        </file>
        <file name="Raleway-ExtraBoldItalic.ttf" path="/Users/faustinocortina/cs52/project-boost-mobile/assets/fonts/raleway/Raleway-ExtraBoldItalic.ttf">
          <metrics statements="1" coveredstatements="1" conditionals="0" coveredconditionals="0" methods="0" coveredmethods="0"/>
          <line num="1" count="1" type="stmt"/>
        </file>
        <file name="Raleway-ExtraLight.ttf" path="/Users/faustinocortina/cs52/project-boost-mobile/assets/fonts/raleway/Raleway-ExtraLight.ttf">
          <metrics statements="1" coveredstatements="1" conditionals="0" coveredconditionals="0" methods="0" coveredmethods="0"/>
          <line num="1" count="1" type="stmt"/>
        </file>
        <file name="Raleway-ExtraLightItalic.ttf" path="/Users/faustinocortina/cs52/project-boost-mobile/assets/fonts/raleway/Raleway-ExtraLightItalic.ttf">
          <metrics statements="1" coveredstatements="1" conditionals="0" coveredconditionals="0" methods="0" coveredmethods="0"/>
          <line num="1" count="1" type="stmt"/>
        </file>
        <file name="Raleway-Italic.ttf" path="/Users/faustinocortina/cs52/project-boost-mobile/assets/fonts/raleway/Raleway-Italic.ttf">
          <metrics statements="1" coveredstatements="1" conditionals="0" coveredconditionals="0" methods="0" coveredmethods="0"/>
          <line num="1" count="1" type="stmt"/>
        </file>
        <file name="Raleway-Light.ttf" path="/Users/faustinocortina/cs52/project-boost-mobile/assets/fonts/raleway/Raleway-Light.ttf">
          <metrics statements="1" coveredstatements="1" conditionals="0" coveredconditionals="0" methods="0" coveredmethods="0"/>
          <line num="1" count="1" type="stmt"/>
        </file>
        <file name="Raleway-LightItalic.ttf" path="/Users/faustinocortina/cs52/project-boost-mobile/assets/fonts/raleway/Raleway-LightItalic.ttf">
          <metrics statements="1" coveredstatements="1" conditionals="0" coveredconditionals="0" methods="0" coveredmethods="0"/>
          <line num="1" count="1" type="stmt"/>
        </file>
        <file name="Raleway-Medium.ttf" path="/Users/faustinocortina/cs52/project-boost-mobile/assets/fonts/raleway/Raleway-Medium.ttf">
          <metrics statements="1" coveredstatements="1" conditionals="0" coveredconditionals="0" methods="0" coveredmethods="0"/>
          <line num="1" count="1" type="stmt"/>
        </file>
        <file name="Raleway-MediumItalic.ttf" path="/Users/faustinocortina/cs52/project-boost-mobile/assets/fonts/raleway/Raleway-MediumItalic.ttf">
          <metrics statements="1" coveredstatements="1" conditionals="0" coveredconditionals="0" methods="0" coveredmethods="0"/>
          <line num="1" count="1" type="stmt"/>
        </file>
        <file name="Raleway-Regular.ttf" path="/Users/faustinocortina/cs52/project-boost-mobile/assets/fonts/raleway/Raleway-Regular.ttf">
          <metrics statements="1" coveredstatements="1" conditionals="0" coveredconditionals="0" methods="0" coveredmethods="0"/>
          <line num="1" count="1" type="stmt"/>
        </file>
        <file name="Raleway-SemiBold.ttf" path="/Users/faustinocortina/cs52/project-boost-mobile/assets/fonts/raleway/Raleway-SemiBold.ttf">
          <metrics statements="1" coveredstatements="1" conditionals="0" coveredconditionals="0" methods="0" coveredmethods="0"/>
          <line num="1" count="1" type="stmt"/>
        </file>
        <file name="Raleway-SemiBoldItalic.ttf" path="/Users/faustinocortina/cs52/project-boost-mobile/assets/fonts/raleway/Raleway-SemiBoldItalic.ttf">
          <metrics statements="1" coveredstatements="1" conditionals="0" coveredconditionals="0" methods="0" coveredmethods="0"/>
          <line num="1" count="1" type="stmt"/>
        </file>
        <file name="Raleway-Thin.ttf" path="/Users/faustinocortina/cs52/project-boost-mobile/assets/fonts/raleway/Raleway-Thin.ttf">
          <metrics statements="1" coveredstatements="1" conditionals="0" coveredconditionals="0" methods="0" coveredmethods="0"/>
          <line num="1" count="1" type="stmt"/>
        </file>
        <file name="Raleway-ThinItalic.ttf" path="/Users/faustinocortina/cs52/project-boost-mobile/assets/fonts/raleway/Raleway-ThinItalic.ttf">
          <metrics statements="1" coveredstatements="1" conditionals="0" coveredconditionals="0" methods="0" coveredmethods="0"/>
          <line num="1" count="1" type="stmt"/>
        </file>
      </package>
      <package name="project-boost-mobile.assets.gifs">
        <metrics statements="2" coveredstatements="2" conditionals="0" coveredconditionals="0" methods="0" coveredmethods="0"/>
        <file name="loading-white.gif" path="/Users/faustinocortina/cs52/project-boost-mobile/assets/gifs/loading-white.gif">
          <metrics statements="1" coveredstatements="1" conditionals="0" coveredconditionals="0" methods="0" coveredmethods="0"/>
          <line num="1" count="1" type="stmt"/>
        </file>
        <file name="loading.gif" path="/Users/faustinocortina/cs52/project-boost-mobile/assets/gifs/loading.gif">
          <metrics statements="1" coveredstatements="1" conditionals="0" coveredconditionals="0" methods="0" coveredmethods="0"/>
          <line num="1" count="1" type="stmt"/>
        </file>
      </package>
      <package name="project-boost-mobile.assets.images">
        <metrics statements="2" coveredstatements="2" conditionals="0" coveredconditionals="0" methods="0" coveredmethods="0"/>
        <file name="google-signin.png" path="/Users/faustinocortina/cs52/project-boost-mobile/assets/images/google-signin.png">
          <metrics statements="1" coveredstatements="1" conditionals="0" coveredconditionals="0" methods="0" coveredmethods="0"/>
          <line num="1" count="1" type="stmt"/>
        </file>
        <file name="shopping-woman.png" path="/Users/faustinocortina/cs52/project-boost-mobile/assets/images/shopping-woman.png">
          <metrics statements="1" coveredstatements="1" conditionals="0" coveredconditionals="0" methods="0" coveredmethods="0"/>
          <line num="1" count="1" type="stmt"/>
        </file>
      </package>
      <package name="project-boost-mobile.components">
        <metrics statements="11" coveredstatements="3" conditionals="5" coveredconditionals="0" methods="10" coveredmethods="1"/>
        <file name="AddressSearch.js" path="/Users/faustinocortina/cs52/project-boost-mobile/components/AddressSearch.js">
          <metrics statements="5" coveredstatements="1" conditionals="1" coveredconditionals="0" methods="4" coveredmethods="0"/>
          <line num="4" count="1" type="stmt"/>
          <line num="5" count="0" type="stmt"/>
          <line num="15" count="0" type="stmt"/>
          <line num="18" count="0" type="stmt"/>
          <line num="20" count="0" type="stmt"/>
        </file>
        <file name="NavBar.js" path="/Users/faustinocortina/cs52/project-boost-mobile/components/NavBar.js">
          <metrics statements="4" coveredstatements="1" conditionals="2" coveredconditionals="0" methods="4" coveredmethods="0"/>
          <line num="11" count="0" type="stmt"/>
          <line num="16" count="0" type="stmt"/>
          <line num="21" count="0" type="stmt"/>
          <line num="32" count="1" type="stmt"/>
        </file>
        <file name="StyledText.js" path="/Users/faustinocortina/cs52/project-boost-mobile/components/StyledText.js">
          <metrics statements="1" coveredstatements="1" conditionals="0" coveredconditionals="0" methods="1" coveredmethods="1"/>
          <line num="6" count="1" type="stmt"/>
        </file>
        <file name="TabBarIcon.js" path="/Users/faustinocortina/cs52/project-boost-mobile/components/TabBarIcon.js">
          <metrics statements="1" coveredstatements="0" conditionals="2" coveredconditionals="0" methods="1" coveredmethods="0"/>
          <line num="8" count="0" type="stmt"/>
        </file>
      </package>
      <package name="project-boost-mobile.constants">
        <metrics statements="1" coveredstatements="1" conditionals="0" coveredconditionals="0" methods="0" coveredmethods="0"/>
        <file name="Colors.js" path="/Users/faustinocortina/cs52/project-boost-mobile/constants/Colors.js">
          <metrics statements="1" coveredstatements="1" conditionals="0" coveredconditionals="0" methods="0" coveredmethods="0"/>
          <line num="1" count="1" type="stmt"/>
        </file>
      </package>
      <package name="project-boost-mobile.datastore">
        <metrics statements="26" coveredstatements="6" conditionals="2" coveredconditionals="0" methods="20" coveredmethods="0"/>
        <file name="api_requests.js" path="/Users/faustinocortina/cs52/project-boost-mobile/datastore/api_requests.js">
          <metrics statements="26" coveredstatements="6" conditionals="2" coveredconditionals="0" methods="20" coveredmethods="0"/>
          <line num="3" count="1" type="stmt"/>
          <line num="5" count="1" type="stmt"/>
          <line num="6" count="0" type="stmt"/>
          <line num="7" count="0" type="stmt"/>
          <line num="10" count="0" type="stmt"/>
          <line num="13" count="0" type="stmt"/>
          <line num="18" count="1" type="stmt"/>
          <line num="19" count="0" type="stmt"/>
          <line num="20" count="0" type="stmt"/>
          <line num="25" count="0" type="stmt"/>
          <line num="28" count="0" type="stmt"/>
          <line num="33" count="1" type="stmt"/>
          <line num="39" count="0" type="stmt"/>
          <line num="40" count="0" type="stmt"/>
          <line num="51" count="0" type="stmt"/>
          <line num="54" count="0" type="stmt"/>
          <line num="59" count="1" type="stmt"/>
          <line num="60" count="0" type="stmt"/>
          <line num="61" count="0" type="stmt"/>
          <line num="66" count="0" type="stmt"/>
          <line num="69" count="0" type="stmt"/>
          <line num="74" count="1" type="stmt"/>
          <line num="75" count="0" type="stmt"/>
          <line num="76" count="0" type="stmt"/>
          <line num="82" count="0" type="stmt"/>
          <line num="85" count="0" type="stmt"/>
        </file>
      </package>
      <package name="project-boost-mobile.navigation">
        <metrics statements="13" coveredstatements="10" conditionals="0" coveredconditionals="0" methods="3" coveredmethods="0"/>
        <file name="AppNavigator.js" path="/Users/faustinocortina/cs52/project-boost-mobile/navigation/AppNavigator.js">
          <metrics statements="3" coveredstatements="3" conditionals="0" coveredconditionals="0" methods="0" coveredmethods="0"/>
          <line num="9" count="1" type="stmt"/>
          <line num="13" count="1" type="stmt"/>
          <line num="17" count="1" type="stmt"/>
        </file>
        <file name="MainTabNavigator.js" path="/Users/faustinocortina/cs52/project-boost-mobile/navigation/MainTabNavigator.js">
          <metrics statements="10" coveredstatements="7" conditionals="0" coveredconditionals="0" methods="3" coveredmethods="0"/>
          <line num="10" count="1" type="stmt"/>
          <line num="14" count="1" type="stmt"/>
          <line num="16" count="0" type="stmt"/>
          <line num="19" count="1" type="stmt"/>
          <line num="23" count="1" type="stmt"/>
          <line num="25" count="0" type="stmt"/>
          <line num="28" count="1" type="stmt"/>
          <line num="32" count="1" type="stmt"/>
          <line num="34" count="0" type="stmt"/>
          <line num="37" count="1" type="stmt"/>
        </file>
      </package>
      <package name="project-boost-mobile.screens">
        <metrics statements="216" coveredstatements="22" conditionals="94" coveredconditionals="1" methods="106" coveredmethods="3"/>
        <file name="DataScreen.js" path="/Users/faustinocortina/cs52/project-boost-mobile/screens/DataScreen.js">
          <metrics statements="9" coveredstatements="2" conditionals="6" coveredconditionals="0" methods="6" coveredmethods="0"/>
          <line num="14" count="0" type="stmt"/>
          <line num="16" count="0" type="stmt"/>
          <line num="27" count="0" type="stmt"/>
          <line num="32" count="0" type="stmt"/>
          <line num="37" count="0" type="stmt"/>
          <line num="43" count="0" type="stmt"/>
          <line num="108" count="1" type="stmt"/>
          <line num="164" count="1" type="stmt"/>
          <line num="165" count="0" type="stmt"/>
        </file>
        <file name="LoginScreen.js" path="/Users/faustinocortina/cs52/project-boost-mobile/screens/LoginScreen.js">
          <metrics statements="18" coveredstatements="6" conditionals="6" coveredconditionals="1" methods="6" coveredmethods="3"/>
          <line num="17" count="1" type="stmt"/>
          <line num="25" count="2" type="cond" truecount="1" falsecount="1"/>
          <line num="26" count="0" type="stmt"/>
          <line num="27" count="0" type="stmt"/>
          <line num="32" count="2" type="stmt"/>
          <line num="57" count="0" type="stmt"/>
          <line num="58" count="0" type="stmt"/>
          <line num="67" count="0" type="cond" truecount="0" falsecount="2"/>
          <line num="68" count="0" type="stmt"/>
          <line num="73" count="0" type="stmt"/>
          <line num="77" count="0" type="stmt"/>
          <line num="78" count="0" type="stmt"/>
          <line num="81" count="0" type="stmt"/>
          <line num="84" count="0" type="stmt"/>
          <line num="89" count="1" type="stmt"/>
          <line num="133" count="1" type="stmt"/>
          <line num="134" count="2" type="stmt"/>
          <line num="136" count="0" type="stmt"/>
        </file>
        <file name="ProvideInitialInfoScreen.js" path="/Users/faustinocortina/cs52/project-boost-mobile/screens/ProvideInitialInfoScreen.js">
          <metrics statements="52" coveredstatements="6" conditionals="22" coveredconditionals="0" methods="26" coveredmethods="0"/>
          <line num="14" count="1" type="stmt"/>
          <line num="15" count="1" type="stmt"/>
          <line num="16" count="1" type="stmt"/>
          <line num="20" count="0" type="stmt"/>
          <line num="23" count="0" type="stmt"/>
          <line num="25" count="0" type="stmt"/>
          <line num="26" count="0" type="stmt"/>
          <line num="29" count="0" type="stmt"/>
          <line num="32" count="0" type="stmt"/>
          <line num="33" count="0" type="stmt"/>
          <line num="37" count="0" type="stmt"/>
          <line num="38" count="0" type="stmt"/>
          <line num="41" count="0" type="stmt"/>
          <line num="60" count="0" type="stmt"/>
          <line num="70" count="0" type="stmt"/>
          <line num="73" count="0" type="cond" truecount="0" falsecount="4"/>
          <line num="74" count="0" type="stmt"/>
          <line num="78" count="0" type="stmt"/>
          <line num="85" count="0" type="cond" truecount="0" falsecount="2"/>
          <line num="86" count="0" type="stmt"/>
          <line num="94" count="0" type="stmt"/>
          <line num="97" count="0" type="stmt"/>
          <line num="98" count="0" type="stmt"/>
          <line num="101" count="0" type="stmt"/>
          <line num="105" count="0" type="stmt"/>
          <line num="108" count="0" type="stmt"/>
          <line num="116" count="0" type="stmt"/>
          <line num="121" count="0" type="stmt"/>
          <line num="122" count="0" type="stmt"/>
          <line num="138" count="0" type="stmt"/>
          <line num="140" count="0" type="stmt"/>
          <line num="146" count="0" type="stmt"/>
          <line num="149" count="0" type="stmt"/>
          <line num="157" count="0" type="stmt"/>
          <line num="178" count="0" type="stmt"/>
          <line num="179" count="0" type="stmt"/>
          <line num="180" count="0" type="stmt"/>
          <line num="194" count="0" type="stmt"/>
          <line num="203" count="0" type="stmt"/>
          <line num="225" count="0" type="stmt"/>
          <line num="237" count="0" type="cond" truecount="0" falsecount="4"/>
          <line num="238" count="0" type="stmt"/>
          <line num="239" count="0" type="stmt"/>
          <line num="241" count="0" type="stmt"/>
          <line num="250" count="0" type="stmt"/>
          <line num="291" count="0" type="stmt"/>
          <line num="301" count="1" type="stmt"/>
          <line num="431" count="1" type="stmt"/>
          <line num="432" count="0" type="stmt"/>
          <line num="439" count="1" type="stmt"/>
          <line num="440" count="0" type="stmt"/>
          <line num="442" count="0" type="stmt"/>
        </file>
        <file name="SettingsScreen.js" path="/Users/faustinocortina/cs52/project-boost-mobile/screens/SettingsScreen.js">
          <metrics statements="35" coveredstatements="3" conditionals="8" coveredconditionals="0" methods="21" coveredmethods="0"/>
          <line num="16" count="0" type="stmt"/>
          <line num="19" count="0" type="stmt"/>
          <line num="21" count="0" type="stmt"/>
          <line num="22" count="0" type="stmt"/>
          <line num="25" count="0" type="stmt"/>
          <line num="45" count="0" type="stmt"/>
          <line num="48" count="0" type="cond" truecount="0" falsecount="4"/>
          <line num="49" count="0" type="stmt"/>
          <line num="55" count="0" type="stmt"/>
          <line num="63" count="0" type="stmt"/>
          <line num="72" count="0" type="stmt"/>
          <line num="75" count="0" type="stmt"/>
          <line num="78" count="0" type="stmt"/>
          <line num="87" count="0" type="stmt"/>
          <line num="92" count="0" type="stmt"/>
          <line num="93" count="0" type="stmt"/>
          <line num="109" count="0" type="stmt"/>
          <line num="111" count="0" type="stmt"/>
          <line num="117" count="0" type="stmt"/>
          <line num="118" count="0" type="stmt"/>
          <line num="124" count="0" type="stmt"/>
          <line num="140" count="0" type="stmt"/>
          <line num="141" count="0" type="stmt"/>
          <line num="143" count="0" type="stmt"/>
          <line num="157" count="0" type="stmt"/>
          <line num="166" count="0" type="stmt"/>
          <line num="188" count="0" type="stmt"/>
          <line num="201" count="0" type="stmt"/>
          <line num="230" count="0" type="stmt"/>
          <line num="240" count="1" type="stmt"/>
          <line num="367" count="1" type="stmt"/>
          <line num="368" count="0" type="stmt"/>
          <line num="373" count="1" type="stmt"/>
          <line num="374" count="0" type="stmt"/>
          <line num="376" count="0" type="stmt"/>
        </file>
        <file name="SurveyScreen.js" path="/Users/faustinocortina/cs52/project-boost-mobile/screens/SurveyScreen.js">
          <metrics statements="69" coveredstatements="2" conditionals="46" coveredconditionals="0" methods="27" coveredmethods="0"/>
          <line num="25" count="0" type="stmt"/>
          <line num="27" count="0" type="stmt"/>
          <line num="40" count="0" type="stmt"/>
          <line num="41" count="0" type="stmt"/>
          <line num="46" count="0" type="cond" truecount="0" falsecount="2"/>
          <line num="47" count="0" type="stmt"/>
          <line num="51" count="0" type="stmt"/>
          <line num="52" count="0" type="cond" truecount="0" falsecount="2"/>
          <line num="53" count="0" type="stmt"/>
          <line num="54" count="0" type="stmt"/>
          <line num="56" count="0" type="stmt"/>
          <line num="58" count="0" type="stmt"/>
          <line num="69" count="0" type="stmt"/>
          <line num="73" count="0" type="stmt"/>
          <line num="85" count="0" type="stmt"/>
          <line num="94" count="0" type="cond" truecount="0" falsecount="4"/>
          <line num="95" count="0" type="stmt"/>
          <line num="96" count="0" type="stmt"/>
          <line num="97" count="0" type="stmt"/>
          <line num="98" count="0" type="stmt"/>
          <line num="99" count="0" type="stmt"/>
          <line num="100" count="0" type="stmt"/>
          <line num="101" count="0" type="stmt"/>
          <line num="102" count="0" type="stmt"/>
          <line num="103" count="0" type="stmt"/>
          <line num="107" count="0" type="stmt"/>
          <line num="108" count="0" type="stmt"/>
          <line num="112" count="0" type="cond" truecount="0" falsecount="2"/>
          <line num="113" count="0" type="stmt"/>
          <line num="114" count="0" type="stmt"/>
          <line num="115" count="0" type="stmt"/>
          <line num="116" count="0" type="stmt"/>
          <line num="117" count="0" type="stmt"/>
          <line num="118" count="0" type="cond" truecount="0" falsecount="2"/>
          <line num="119" count="0" type="stmt"/>
          <line num="125" count="0" type="cond" truecount="0" falsecount="2"/>
          <line num="126" count="0" type="stmt"/>
          <line num="127" count="0" type="stmt"/>
          <line num="128" count="0" type="stmt"/>
          <line num="129" count="0" type="stmt"/>
          <line num="130" count="0" type="stmt"/>
          <line num="131" count="0" type="cond" truecount="0" falsecount="2"/>
          <line num="132" count="0" type="stmt"/>
          <line num="138" count="0" type="cond" truecount="0" falsecount="2"/>
          <line num="139" count="0" type="stmt"/>
          <line num="141" count="0" type="stmt"/>
          <line num="142" count="0" type="cond" truecount="0" falsecount="2"/>
          <line num="143" count="0" type="stmt"/>
          <line num="146" count="0" type="stmt"/>
          <line num="154" count="0" type="cond" truecount="0" falsecount="2"/>
          <line num="158" count="0" type="stmt"/>
          <line num="159" count="0" type="stmt"/>
          <line num="161" count="0" type="stmt"/>
          <line num="166" count="0" type="stmt"/>
          <line num="170" count="0" type="stmt"/>
          <line num="171" count="0" type="stmt"/>
          <line num="173" count="0" type="stmt"/>
          <line num="181" count="0" type="stmt"/>
          <line num="182" count="0" type="stmt"/>
          <line num="184" count="0" type="stmt"/>
          <line num="187" count="0" type="stmt"/>
          <line num="188" count="0" type="stmt"/>
          <line num="193" count="0" type="stmt"/>
          <line num="229" count="0" type="stmt"/>
          <line num="243" count="0" type="stmt"/>
          <line num="255" count="0" type="stmt"/>
          <line num="266" count="1" type="stmt"/>
          <line num="390" count="1" type="stmt"/>
          <line num="391" count="0" type="stmt"/>
        </file>
        <file name="VerifyAuth.js" path="/Users/faustinocortina/cs52/project-boost-mobile/screens/VerifyAuth.js">
          <metrics statements="33" coveredstatements="3" conditionals="6" coveredconditionals="0" methods="20" coveredmethods="0"/>
          <line num="18" count="0" type="stmt"/>
          <line num="21" count="0" type="stmt"/>
          <line num="23" count="0" type="stmt"/>
          <line num="26" count="0" type="stmt"/>
          <line num="27" count="0" type="stmt"/>
          <line num="30" count="0" type="stmt"/>
          <line num="36" count="0" type="stmt"/>
          <line num="38" count="0" type="stmt"/>
          <line num="41" count="0" type="stmt"/>
          <line num="42" count="0" type="stmt"/>
          <line num="45" count="0" type="stmt"/>
          <line num="50" count="0" type="stmt"/>
          <line num="52" count="0" type="stmt"/>
          <line num="55" count="0" type="stmt"/>
          <line num="57" count="0" type="stmt"/>
          <line num="60" count="0" type="stmt"/>
          <line num="66" count="0" type="stmt"/>
          <line num="69" count="0" type="cond" truecount="0" falsecount="2"/>
          <line num="70" count="0" type="stmt"/>
          <line num="72" count="0" type="stmt"/>
          <line num="76" count="0" type="stmt"/>
          <line num="82" count="0" type="stmt"/>
          <line num="91" count="0" type="stmt"/>
          <line num="105" count="1" type="stmt"/>
          <line num="132" count="1" type="stmt"/>
          <line num="133" count="0" type="stmt"/>
          <line num="138" count="1" type="stmt"/>
          <line num="139" count="0" type="stmt"/>
          <line num="141" count="0" type="stmt"/>
          <line num="144" count="0" type="stmt"/>
          <line num="147" count="0" type="stmt"/>
          <line num="148" count="0" type="stmt"/>
          <line num="149" count="0" type="stmt"/>
        </file>
      </package>
      <package name="project-boost-mobile.state">
        <metrics statements="1" coveredstatements="1" conditionals="0" coveredconditionals="0" methods="0" coveredmethods="0"/>
        <file name="create_store.js" path="/Users/faustinocortina/cs52/project-boost-mobile/state/create_store.js">
          <metrics statements="1" coveredstatements="1" conditionals="0" coveredconditionals="0" methods="0" coveredmethods="0"/>
          <line num="6" count="1" type="stmt"/>
        </file>
      </package>
      <package name="project-boost-mobile.state.actions">
        <metrics statements="8" coveredstatements="4" conditionals="0" coveredconditionals="0" methods="4" coveredmethods="0"/>
        <file name="index.js" path="/Users/faustinocortina/cs52/project-boost-mobile/state/actions/index.js">
          <metrics statements="8" coveredstatements="4" conditionals="0" coveredconditionals="0" methods="4" coveredmethods="0"/>
          <line num="1" count="1" type="stmt"/>
          <line num="2" count="0" type="stmt"/>
          <line num="8" count="1" type="stmt"/>
          <line num="9" count="0" type="stmt"/>
          <line num="15" count="1" type="stmt"/>
          <line num="16" count="0" type="stmt"/>
          <line num="22" count="1" type="stmt"/>
          <line num="23" count="0" type="stmt"/>
        </file>
      </package>
      <package name="project-boost-mobile.state.reducers">
        <metrics statements="9" coveredstatements="5" conditionals="6" coveredconditionals="2" methods="1" coveredmethods="1"/>
        <file name="index.js" path="/Users/faustinocortina/cs52/project-boost-mobile/state/reducers/index.js">
          <metrics statements="1" coveredstatements="1" conditionals="0" coveredconditionals="0" methods="0" coveredmethods="0"/>
          <line num="5" count="1" type="stmt"/>
        </file>
        <file name="user_info_reducer.js" path="/Users/faustinocortina/cs52/project-boost-mobile/state/reducers/user_info_reducer.js">
          <metrics statements="8" coveredstatements="4" conditionals="6" coveredconditionals="2" methods="1" coveredmethods="1"/>
          <line num="1" count="1" type="stmt"/>
          <line num="8" count="1" type="cond" truecount="1" falsecount="0"/>
          <line num="9" count="3" type="cond" truecount="1" falsecount="4"/>
          <line num="11" count="0" type="stmt"/>
          <line num="14" count="0" type="stmt"/>
          <line num="17" count="0" type="stmt"/>
          <line num="20" count="0" type="stmt"/>
          <line num="23" count="3" type="stmt"/>
        </file>
      </package>
    </metrics>
  </project>
</coverage>
