{"/Users/faustinocortina/cs52/project-boost-mobile/App.js": {"path":"/Users/faustinocortina/cs52/project-boost-mobile/App.js","statementMap":{"0":{"start":{"line":18,"column":23},"end":{"line":25,"column":1}},"1":{"start":{"line":27,"column":0},"end":{"line":27,"column":32}},"2":{"start":{"line":31,"column":4},"end":{"line":31,"column":17}},"3":{"start":{"line":33,"column":4},"end":{"line":37,"column":6}},"4":{"start":{"line":40,"column":4},"end":{"line":42,"column":5}},"5":{"start":{"line":41,"column":6},"end":{"line":41,"column":45}},"6":{"start":{"line":44,"column":4},"end":{"line":44,"column":64}},"7":{"start":{"line":50,"column":4},"end":{"line":50,"column":24}},"8":{"start":{"line":54,"column":4},"end":{"line":54,"column":47}},"9":{"start":{"line":58,"column":4},"end":{"line":89,"column":7}},"10":{"start":{"line":93,"column":4},"end":{"line":113,"column":5}},"11":{"start":{"line":97,"column":6},"end":{"line":103,"column":8}},"12":{"start":{"line":105,"column":6},"end":{"line":112,"column":8}},"13":{"start":{"line":117,"column":4},"end":{"line":141,"column":5}},"14":{"start":{"line":118,"column":6},"end":{"line":121,"column":9}},"15":{"start":{"line":123,"column":6},"end":{"line":140,"column":7}},"16":{"start":{"line":124,"column":8},"end":{"line":134,"column":10}},"17":{"start":{"line":130,"column":12},"end":{"line":132,"column":15}},"18":{"start":{"line":136,"column":8},"end":{"line":139,"column":11}},"19":{"start":{"line":145,"column":15},"end":{"line":150,"column":2}}},"fnMap":{"0":{"name":"(anonymous_0)","decl":{"start":{"line":30,"column":2},"end":{"line":30,"column":3}},"loc":{"start":{"line":30,"column":21},"end":{"line":45,"column":3}},"line":30},"1":{"name":"(anonymous_1)","decl":{"start":{"line":47,"column":24},"end":{"line":47,"column":25}},"loc":{"start":{"line":47,"column":33},"end":{"line":51,"column":3}},"line":47},"2":{"name":"(anonymous_2)","decl":{"start":{"line":53,"column":25},"end":{"line":53,"column":26}},"loc":{"start":{"line":53,"column":31},"end":{"line":55,"column":3}},"line":53},"3":{"name":"(anonymous_3)","decl":{"start":{"line":57,"column":24},"end":{"line":57,"column":25}},"loc":{"start":{"line":57,"column":36},"end":{"line":90,"column":3}},"line":57},"4":{"name":"(anonymous_4)","decl":{"start":{"line":92,"column":2},"end":{"line":92,"column":3}},"loc":{"start":{"line":92,"column":11},"end":{"line":114,"column":3}},"line":92},"5":{"name":"(anonymous_5)","decl":{"start":{"line":116,"column":23},"end":{"line":116,"column":24}},"loc":{"start":{"line":116,"column":31},"end":{"line":142,"column":3}},"line":116},"6":{"name":"(anonymous_6)","decl":{"start":{"line":129,"column":10},"end":{"line":129,"column":11}},"loc":{"start":{"line":129,"column":16},"end":{"line":133,"column":11}},"line":129}},"branchMap":{"0":{"loc":{"start":{"line":40,"column":4},"end":{"line":42,"column":5}},"type":"if","locations":[{"start":{"line":40,"column":4},"end":{"line":42,"column":5}},{"start":{"line":40,"column":4},"end":{"line":42,"column":5}}],"line":40},"1":{"loc":{"start":{"line":93,"column":4},"end":{"line":113,"column":5}},"type":"if","locations":[{"start":{"line":93,"column":4},"end":{"line":113,"column":5}},{"start":{"line":93,"column":4},"end":{"line":113,"column":5}}],"line":93},"2":{"loc":{"start":{"line":94,"column":6},"end":{"line":95,"column":35}},"type":"binary-expr","locations":[{"start":{"line":94,"column":7},"end":{"line":94,"column":36}},{"start":{"line":94,"column":40},"end":{"line":94,"column":73}},{"start":{"line":95,"column":6},"end":{"line":95,"column":35}}],"line":94},"3":{"loc":{"start":{"line":108,"column":13},"end":{"line":108,"column":70}},"type":"binary-expr","locations":[{"start":{"line":108,"column":13},"end":{"line":108,"column":34}},{"start":{"line":108,"column":38},"end":{"line":108,"column":70}}],"line":108},"4":{"loc":{"start":{"line":117,"column":4},"end":{"line":141,"column":5}},"type":"if","locations":[{"start":{"line":117,"column":4},"end":{"line":141,"column":5}},{"start":{"line":117,"column":4},"end":{"line":141,"column":5}}],"line":117},"5":{"loc":{"start":{"line":123,"column":6},"end":{"line":140,"column":7}},"type":"if","locations":[{"start":{"line":123,"column":6},"end":{"line":140,"column":7}},{"start":{"line":123,"column":6},"end":{"line":140,"column":7}}],"line":123}},"s":{"0":1,"1":1,"2":2,"3":2,"4":2,"5":1,"6":2,"7":0,"8":1,"9":1,"10":5,"11":2,"12":3,"13":2,"14":0,"15":2,"16":0,"17":0,"18":2,"19":1},"f":{"0":2,"1":0,"2":1,"3":1,"4":5,"5":2,"6":0},"b":{"0":[1,1],"1":[2,3],"2":[5,1,4],"3":[3,3],"4":[0,2],"5":[0,2]},"_coverageSchema":"332fd63041d2c1bcb487cc26dd0d5f7d97098a6c","hash":"3080aceae46eb85074d6b7a85fa8e60334d7379c"}
,"/Users/faustinocortina/cs52/project-boost-mobile/assets/background-images/home-bottom.png": {"path":"/Users/faustinocortina/cs52/project-boost-mobile/assets/background-images/home-bottom.png","statementMap":{"0":{"start":{"line":1,"column":0},"end":{"line":1,"column":19}}},"fnMap":{},"branchMap":{},"s":{"0":1},"f":{},"b":{},"_coverageSchema":"332fd63041d2c1bcb487cc26dd0d5f7d97098a6c","hash":"8bbf29689571118875756e51413ccbdf301f0a8b"}
,"/Users/faustinocortina/cs52/project-boost-mobile/assets/fonts/SpaceMono-Regular.ttf": {"path":"/Users/faustinocortina/cs52/project-boost-mobile/assets/fonts/SpaceMono-Regular.ttf","statementMap":{"0":{"start":{"line":1,"column":0},"end":{"line":1,"column":19}}},"fnMap":{},"branchMap":{},"s":{"0":1},"f":{},"b":{},"_coverageSchema":"332fd63041d2c1bcb487cc26dd0d5f7d97098a6c","hash":"ad0754fd276f1bc9538d1a170b09e71b2f818057"}
,"/Users/faustinocortina/cs52/project-boost-mobile/assets/fonts/raleway/Raleway-Black.ttf": {"path":"/Users/faustinocortina/cs52/project-boost-mobile/assets/fonts/raleway/Raleway-Black.ttf","statementMap":{"0":{"start":{"line":1,"column":0},"end":{"line":1,"column":19}}},"fnMap":{},"branchMap":{},"s":{"0":1},"f":{},"b":{},"_coverageSchema":"332fd63041d2c1bcb487cc26dd0d5f7d97098a6c","hash":"7ddba5cad0e084638682772600b44b35165864f8"}
,"/Users/faustinocortina/cs52/project-boost-mobile/assets/fonts/raleway/Raleway-BlackItalic.ttf": {"path":"/Users/faustinocortina/cs52/project-boost-mobile/assets/fonts/raleway/Raleway-BlackItalic.ttf","statementMap":{"0":{"start":{"line":1,"column":0},"end":{"line":1,"column":19}}},"fnMap":{},"branchMap":{},"s":{"0":1},"f":{},"b":{},"_coverageSchema":"332fd63041d2c1bcb487cc26dd0d5f7d97098a6c","hash":"0576491a9ee26cc2d10d33f790d6eff965be1cdb"}
,"/Users/faustinocortina/cs52/project-boost-mobile/assets/fonts/raleway/Raleway-Bold.ttf": {"path":"/Users/faustinocortina/cs52/project-boost-mobile/assets/fonts/raleway/Raleway-Bold.ttf","statementMap":{"0":{"start":{"line":1,"column":0},"end":{"line":1,"column":19}}},"fnMap":{},"branchMap":{},"s":{"0":1},"f":{},"b":{},"_coverageSchema":"332fd63041d2c1bcb487cc26dd0d5f7d97098a6c","hash":"ad186c934dc30ee013234c1f4b0915532e71cd4c"}
,"/Users/faustinocortina/cs52/project-boost-mobile/assets/fonts/raleway/Raleway-BoldItalic.ttf": {"path":"/Users/faustinocortina/cs52/project-boost-mobile/assets/fonts/raleway/Raleway-BoldItalic.ttf","statementMap":{"0":{"start":{"line":1,"column":0},"end":{"line":1,"column":19}}},"fnMap":{},"branchMap":{},"s":{"0":1},"f":{},"b":{},"_coverageSchema":"332fd63041d2c1bcb487cc26dd0d5f7d97098a6c","hash":"802fb385b008f9f4fa39783f53b1f5142e7b6dac"}
,"/Users/faustinocortina/cs52/project-boost-mobile/assets/fonts/raleway/Raleway-ExtraBold.ttf": {"path":"/Users/faustinocortina/cs52/project-boost-mobile/assets/fonts/raleway/Raleway-ExtraBold.ttf","statementMap":{"0":{"start":{"line":1,"column":0},"end":{"line":1,"column":19}}},"fnMap":{},"branchMap":{},"s":{"0":1},"f":{},"b":{},"_coverageSchema":"332fd63041d2c1bcb487cc26dd0d5f7d97098a6c","hash":"29681d1ed873cd396a57d455c2fdff6db4099432"}
,"/Users/faustinocortina/cs52/project-boost-mobile/assets/fonts/raleway/Raleway-ExtraBoldItalic.ttf": {"path":"/Users/faustinocortina/cs52/project-boost-mobile/assets/fonts/raleway/Raleway-ExtraBoldItalic.ttf","statementMap":{"0":{"start":{"line":1,"column":0},"end":{"line":1,"column":19}}},"fnMap":{},"branchMap":{},"s":{"0":1},"f":{},"b":{},"_coverageSchema":"332fd63041d2c1bcb487cc26dd0d5f7d97098a6c","hash":"7eebae92234ebca28d42c2e5498b927b171680ee"}
,"/Users/faustinocortina/cs52/project-boost-mobile/assets/fonts/raleway/Raleway-ExtraLight.ttf": {"path":"/Users/faustinocortina/cs52/project-boost-mobile/assets/fonts/raleway/Raleway-ExtraLight.ttf","statementMap":{"0":{"start":{"line":1,"column":0},"end":{"line":1,"column":19}}},"fnMap":{},"branchMap":{},"s":{"0":1},"f":{},"b":{},"_coverageSchema":"332fd63041d2c1bcb487cc26dd0d5f7d97098a6c","hash":"290f3576a9a8edf855922291405b1a33217ab08b"}
,"/Users/faustinocortina/cs52/project-boost-mobile/assets/fonts/raleway/Raleway-ExtraLightItalic.ttf": {"path":"/Users/faustinocortina/cs52/project-boost-mobile/assets/fonts/raleway/Raleway-ExtraLightItalic.ttf","statementMap":{"0":{"start":{"line":1,"column":0},"end":{"line":1,"column":19}}},"fnMap":{},"branchMap":{},"s":{"0":1},"f":{},"b":{},"_coverageSchema":"332fd63041d2c1bcb487cc26dd0d5f7d97098a6c","hash":"2fd92c913bef9e11408b749d917af65ce63524d9"}
,"/Users/faustinocortina/cs52/project-boost-mobile/assets/fonts/raleway/Raleway-Italic.ttf": {"path":"/Users/faustinocortina/cs52/project-boost-mobile/assets/fonts/raleway/Raleway-Italic.ttf","statementMap":{"0":{"start":{"line":1,"column":0},"end":{"line":1,"column":19}}},"fnMap":{},"branchMap":{},"s":{"0":1},"f":{},"b":{},"_coverageSchema":"332fd63041d2c1bcb487cc26dd0d5f7d97098a6c","hash":"c85a721ca4351771b7d1a727408db6250d1eb045"}
,"/Users/faustinocortina/cs52/project-boost-mobile/assets/fonts/raleway/Raleway-Light.ttf": {"path":"/Users/faustinocortina/cs52/project-boost-mobile/assets/fonts/raleway/Raleway-Light.ttf","statementMap":{"0":{"start":{"line":1,"column":0},"end":{"line":1,"column":19}}},"fnMap":{},"branchMap":{},"s":{"0":1},"f":{},"b":{},"_coverageSchema":"332fd63041d2c1bcb487cc26dd0d5f7d97098a6c","hash":"92f9fa6daff83a1fb1daeaedbe34b423a716dc5e"}
,"/Users/faustinocortina/cs52/project-boost-mobile/assets/fonts/raleway/Raleway-LightItalic.ttf": {"path":"/Users/faustinocortina/cs52/project-boost-mobile/assets/fonts/raleway/Raleway-LightItalic.ttf","statementMap":{"0":{"start":{"line":1,"column":0},"end":{"line":1,"column":19}}},"fnMap":{},"branchMap":{},"s":{"0":1},"f":{},"b":{},"_coverageSchema":"332fd63041d2c1bcb487cc26dd0d5f7d97098a6c","hash":"acbfdc90fce1abc896277d5762db1e37d7ba0d65"}
,"/Users/faustinocortina/cs52/project-boost-mobile/assets/fonts/raleway/Raleway-Medium.ttf": {"path":"/Users/faustinocortina/cs52/project-boost-mobile/assets/fonts/raleway/Raleway-Medium.ttf","statementMap":{"0":{"start":{"line":1,"column":0},"end":{"line":1,"column":19}}},"fnMap":{},"branchMap":{},"s":{"0":1},"f":{},"b":{},"_coverageSchema":"332fd63041d2c1bcb487cc26dd0d5f7d97098a6c","hash":"ef3c869e6854ff981679029506d96562e545bd37"}
,"/Users/faustinocortina/cs52/project-boost-mobile/assets/fonts/raleway/Raleway-MediumItalic.ttf": {"path":"/Users/faustinocortina/cs52/project-boost-mobile/assets/fonts/raleway/Raleway-MediumItalic.ttf","statementMap":{"0":{"start":{"line":1,"column":0},"end":{"line":1,"column":19}}},"fnMap":{},"branchMap":{},"s":{"0":1},"f":{},"b":{},"_coverageSchema":"332fd63041d2c1bcb487cc26dd0d5f7d97098a6c","hash":"440348efd283bc67a0ffd07147103014e49af0a2"}
,"/Users/faustinocortina/cs52/project-boost-mobile/assets/fonts/raleway/Raleway-Regular.ttf": {"path":"/Users/faustinocortina/cs52/project-boost-mobile/assets/fonts/raleway/Raleway-Regular.ttf","statementMap":{"0":{"start":{"line":1,"column":0},"end":{"line":1,"column":19}}},"fnMap":{},"branchMap":{},"s":{"0":1},"f":{},"b":{},"_coverageSchema":"332fd63041d2c1bcb487cc26dd0d5f7d97098a6c","hash":"b56a5f68af97f7241f75176349ce2e4891cecd82"}
,"/Users/faustinocortina/cs52/project-boost-mobile/assets/fonts/raleway/Raleway-SemiBold.ttf": {"path":"/Users/faustinocortina/cs52/project-boost-mobile/assets/fonts/raleway/Raleway-SemiBold.ttf","statementMap":{"0":{"start":{"line":1,"column":0},"end":{"line":1,"column":19}}},"fnMap":{},"branchMap":{},"s":{"0":1},"f":{},"b":{},"_coverageSchema":"332fd63041d2c1bcb487cc26dd0d5f7d97098a6c","hash":"7cb63acdb65e3f66cc33cac2a3b066d24f3c46fd"}
,"/Users/faustinocortina/cs52/project-boost-mobile/assets/fonts/raleway/Raleway-SemiBoldItalic.ttf": {"path":"/Users/faustinocortina/cs52/project-boost-mobile/assets/fonts/raleway/Raleway-SemiBoldItalic.ttf","statementMap":{"0":{"start":{"line":1,"column":0},"end":{"line":1,"column":19}}},"fnMap":{},"branchMap":{},"s":{"0":1},"f":{},"b":{},"_coverageSchema":"332fd63041d2c1bcb487cc26dd0d5f7d97098a6c","hash":"b1f19a570a6c7c1cf391d54c206add76f60d1de0"}
,"/Users/faustinocortina/cs52/project-boost-mobile/assets/fonts/raleway/Raleway-Thin.ttf": {"path":"/Users/faustinocortina/cs52/project-boost-mobile/assets/fonts/raleway/Raleway-Thin.ttf","statementMap":{"0":{"start":{"line":1,"column":0},"end":{"line":1,"column":19}}},"fnMap":{},"branchMap":{},"s":{"0":1},"f":{},"b":{},"_coverageSchema":"332fd63041d2c1bcb487cc26dd0d5f7d97098a6c","hash":"c155d51486a35e007535905570a9835a46f16fe3"}
,"/Users/faustinocortina/cs52/project-boost-mobile/assets/fonts/raleway/Raleway-ThinItalic.ttf": {"path":"/Users/faustinocortina/cs52/project-boost-mobile/assets/fonts/raleway/Raleway-ThinItalic.ttf","statementMap":{"0":{"start":{"line":1,"column":0},"end":{"line":1,"column":19}}},"fnMap":{},"branchMap":{},"s":{"0":1},"f":{},"b":{},"_coverageSchema":"332fd63041d2c1bcb487cc26dd0d5f7d97098a6c","hash":"ef7961b05e6a3b43c076dd27e83e1687961457bb"}
,"/Users/faustinocortina/cs52/project-boost-mobile/assets/gifs/loading-white.gif": {"path":"/Users/faustinocortina/cs52/project-boost-mobile/assets/gifs/loading-white.gif","statementMap":{"0":{"start":{"line":1,"column":0},"end":{"line":1,"column":19}}},"fnMap":{},"branchMap":{},"s":{"0":1},"f":{},"b":{},"_coverageSchema":"332fd63041d2c1bcb487cc26dd0d5f7d97098a6c","hash":"a9d0cd95cf9d0aa6818e583423d58ae10295da48"}
,"/Users/faustinocortina/cs52/project-boost-mobile/assets/gifs/loading.gif": {"path":"/Users/faustinocortina/cs52/project-boost-mobile/assets/gifs/loading.gif","statementMap":{"0":{"start":{"line":1,"column":0},"end":{"line":1,"column":19}}},"fnMap":{},"branchMap":{},"s":{"0":1},"f":{},"b":{},"_coverageSchema":"332fd63041d2c1bcb487cc26dd0d5f7d97098a6c","hash":"c993b6e1919e6c2a18579c980016805e1196f6c1"}
,"/Users/faustinocortina/cs52/project-boost-mobile/assets/images/google-signin.png": {"path":"/Users/faustinocortina/cs52/project-boost-mobile/assets/images/google-signin.png","statementMap":{"0":{"start":{"line":1,"column":0},"end":{"line":1,"column":19}}},"fnMap":{},"branchMap":{},"s":{"0":1},"f":{},"b":{},"_coverageSchema":"332fd63041d2c1bcb487cc26dd0d5f7d97098a6c","hash":"60912c1b5e9c053453da5f690db5d923dab71a63"}
,"/Users/faustinocortina/cs52/project-boost-mobile/assets/images/shopping-woman.png": {"path":"/Users/faustinocortina/cs52/project-boost-mobile/assets/images/shopping-woman.png","statementMap":{"0":{"start":{"line":1,"column":0},"end":{"line":1,"column":19}}},"fnMap":{},"branchMap":{},"s":{"0":1},"f":{},"b":{},"_coverageSchema":"332fd63041d2c1bcb487cc26dd0d5f7d97098a6c","hash":"11feeb5f8cb132e1a9dc374ed723c12cf7a814f6"}
,"/Users/faustinocortina/cs52/project-boost-mobile/components/AddressSearch.js": {"path":"/Users/faustinocortina/cs52/project-boost-mobile/components/AddressSearch.js","statementMap":{"0":{"start":{"line":4,"column":22},"end":{"line":73,"column":1}},"1":{"start":{"line":5,"column":2},"end":{"line":72,"column":4}},"2":{"start":{"line":15,"column":32},"end":{"line":15,"column":47}},"3":{"start":{"line":18,"column":8},"end":{"line":18,"column":41}},"4":{"start":{"line":20,"column":29},"end":{"line":20,"column":31}}},"fnMap":{"0":{"name":"(anonymous_0)","decl":{"start":{"line":4,"column":22},"end":{"line":4,"column":23}},"loc":{"start":{"line":4,"column":31},"end":{"line":73,"column":1}},"line":4},"1":{"name":"(anonymous_1)","decl":{"start":{"line":15,"column":25},"end":{"line":15,"column":26}},"loc":{"start":{"line":15,"column":32},"end":{"line":15,"column":47}},"line":15},"2":{"name":"(anonymous_2)","decl":{"start":{"line":16,"column":15},"end":{"line":16,"column":16}},"loc":{"start":{"line":16,"column":41},"end":{"line":19,"column":7}},"line":16},"3":{"name":"(anonymous_3)","decl":{"start":{"line":20,"column":23},"end":{"line":20,"column":24}},"loc":{"start":{"line":20,"column":29},"end":{"line":20,"column":31}},"line":20}},"branchMap":{"0":{"loc":{"start":{"line":16,"column":22},"end":{"line":16,"column":36}},"type":"default-arg","locations":[{"start":{"line":16,"column":32},"end":{"line":16,"column":36}}],"line":16}},"s":{"0":1,"1":0,"2":0,"3":0,"4":0},"f":{"0":0,"1":0,"2":0,"3":0},"b":{"0":[0]},"_coverageSchema":"332fd63041d2c1bcb487cc26dd0d5f7d97098a6c","hash":"77c15828cd903ced94a7acdcaf69aac8a14de616"}
,"/Users/faustinocortina/cs52/project-boost-mobile/components/NavBar.js": {"path":"/Users/faustinocortina/cs52/project-boost-mobile/components/NavBar.js","statementMap":{"0":{"start":{"line":11,"column":4},"end":{"line":17,"column":9}},"1":{"start":{"line":16,"column":8},"end":{"line":16,"column":25}},"2":{"start":{"line":21,"column":4},"end":{"line":28,"column":6}},"3":{"start":{"line":32,"column":15},"end":{"line":50,"column":2}}},"fnMap":{"0":{"name":"(anonymous_0)","decl":{"start":{"line":10,"column":12},"end":{"line":10,"column":13}},"loc":{"start":{"line":10,"column":18},"end":{"line":18,"column":3}},"line":10},"1":{"name":"(anonymous_1)","decl":{"start":{"line":14,"column":12},"end":{"line":14,"column":13}},"loc":{"start":{"line":14,"column":18},"end":{"line":14,"column":20}},"line":14},"2":{"name":"(anonymous_2)","decl":{"start":{"line":15,"column":13},"end":{"line":15,"column":14}},"loc":{"start":{"line":15,"column":20},"end":{"line":17,"column":7}},"line":15},"3":{"name":"(anonymous_3)","decl":{"start":{"line":20,"column":2},"end":{"line":20,"column":3}},"loc":{"start":{"line":20,"column":11},"end":{"line":29,"column":3}},"line":20}},"branchMap":{"0":{"loc":{"start":{"line":22,"column":57},"end":{"line":22,"column":93}},"type":"binary-expr","locations":[{"start":{"line":22,"column":57},"end":{"line":22,"column":83}},{"start":{"line":22,"column":87},"end":{"line":22,"column":93}}],"line":22}},"s":{"0":0,"1":0,"2":0,"3":1},"f":{"0":0,"1":0,"2":0,"3":0},"b":{"0":[0,0]},"_coverageSchema":"332fd63041d2c1bcb487cc26dd0d5f7d97098a6c","hash":"6c94d5ae9e7066ab06740dc149bf399283037d09"}
,"/Users/faustinocortina/cs52/project-boost-mobile/components/StyledText.js": {"path":"/Users/faustinocortina/cs52/project-boost-mobile/components/StyledText.js","statementMap":{"0":{"start":{"line":6,"column":4},"end":{"line":6,"column":93}}},"fnMap":{"0":{"name":"(anonymous_0)","decl":{"start":{"line":5,"column":2},"end":{"line":5,"column":3}},"loc":{"start":{"line":5,"column":11},"end":{"line":7,"column":3}},"line":5}},"branchMap":{},"s":{"0":1},"f":{"0":1},"b":{},"_coverageSchema":"332fd63041d2c1bcb487cc26dd0d5f7d97098a6c","hash":"11485cae24045fc6422a5f2e1db178000d26f22b"}
,"/Users/faustinocortina/cs52/project-boost-mobile/components/TabBarIcon.js": {"path":"/Users/faustinocortina/cs52/project-boost-mobile/components/TabBarIcon.js","statementMap":{"0":{"start":{"line":8,"column":4},"end":{"line":15,"column":6}}},"fnMap":{"0":{"name":"(anonymous_0)","decl":{"start":{"line":7,"column":2},"end":{"line":7,"column":3}},"loc":{"start":{"line":7,"column":11},"end":{"line":16,"column":3}},"line":7}},"branchMap":{"0":{"loc":{"start":{"line":13,"column":15},"end":{"line":13,"column":82}},"type":"cond-expr","locations":[{"start":{"line":13,"column":36},"end":{"line":13,"column":58}},{"start":{"line":13,"column":61},"end":{"line":13,"column":82}}],"line":13}},"s":{"0":0},"f":{"0":0},"b":{"0":[0,0]},"_coverageSchema":"332fd63041d2c1bcb487cc26dd0d5f7d97098a6c","hash":"043f22b04cc848d332461b80bad29b2b9ba11242"}
,"/Users/faustinocortina/cs52/project-boost-mobile/constants/Colors.js": {"path":"/Users/faustinocortina/cs52/project-boost-mobile/constants/Colors.js","statementMap":{"0":{"start":{"line":1,"column":18},"end":{"line":1,"column":27}}},"fnMap":{},"branchMap":{},"s":{"0":1},"f":{},"b":{},"_coverageSchema":"332fd63041d2c1bcb487cc26dd0d5f7d97098a6c","hash":"9035b0278fa6e0c52f3aec083c6c0b24514c8e8a"}
,"/Users/faustinocortina/cs52/project-boost-mobile/datastore/api_requests.js": {"path":"/Users/faustinocortina/cs52/project-boost-mobile/datastore/api_requests.js","statementMap":{"0":{"start":{"line":3,"column":16},"end":{"line":3,"column":57}},"1":{"start":{"line":5,"column":20},"end":{"line":16,"column":1}},"2":{"start":{"line":6,"column":2},"end":{"line":15,"column":5}},"3":{"start":{"line":7,"column":4},"end":{"line":14,"column":9}},"4":{"start":{"line":10,"column":8},"end":{"line":10,"column":31}},"5":{"start":{"line":13,"column":8},"end":{"line":13,"column":22}},"6":{"start":{"line":18,"column":29},"end":{"line":31,"column":1}},"7":{"start":{"line":19,"column":2},"end":{"line":30,"column":5}},"8":{"start":{"line":20,"column":4},"end":{"line":29,"column":9}},"9":{"start":{"line":25,"column":8},"end":{"line":25,"column":31}},"10":{"start":{"line":28,"column":8},"end":{"line":28,"column":22}},"11":{"start":{"line":33,"column":27},"end":{"line":57,"column":1}},"12":{"start":{"line":39,"column":2},"end":{"line":56,"column":5}},"13":{"start":{"line":40,"column":4},"end":{"line":55,"column":9}},"14":{"start":{"line":51,"column":8},"end":{"line":51,"column":31}},"15":{"start":{"line":54,"column":8},"end":{"line":54,"column":22}},"16":{"start":{"line":59,"column":24},"end":{"line":72,"column":1}},"17":{"start":{"line":60,"column":2},"end":{"line":71,"column":5}},"18":{"start":{"line":61,"column":4},"end":{"line":70,"column":9}},"19":{"start":{"line":66,"column":8},"end":{"line":66,"column":31}},"20":{"start":{"line":69,"column":8},"end":{"line":69,"column":22}},"21":{"start":{"line":74,"column":35},"end":{"line":88,"column":1}},"22":{"start":{"line":75,"column":2},"end":{"line":87,"column":5}},"23":{"start":{"line":76,"column":4},"end":{"line":86,"column":9}},"24":{"start":{"line":82,"column":8},"end":{"line":82,"column":31}},"25":{"start":{"line":85,"column":8},"end":{"line":85,"column":22}}},"fnMap":{"0":{"name":"(anonymous_0)","decl":{"start":{"line":5,"column":20},"end":{"line":5,"column":21}},"loc":{"start":{"line":5,"column":26},"end":{"line":16,"column":1}},"line":5},"1":{"name":"(anonymous_1)","decl":{"start":{"line":6,"column":21},"end":{"line":6,"column":22}},"loc":{"start":{"line":6,"column":42},"end":{"line":15,"column":3}},"line":6},"2":{"name":"(anonymous_2)","decl":{"start":{"line":9,"column":12},"end":{"line":9,"column":13}},"loc":{"start":{"line":9,"column":24},"end":{"line":11,"column":7}},"line":9},"3":{"name":"(anonymous_3)","decl":{"start":{"line":12,"column":13},"end":{"line":12,"column":14}},"loc":{"start":{"line":12,"column":22},"end":{"line":14,"column":7}},"line":12},"4":{"name":"(anonymous_4)","decl":{"start":{"line":18,"column":29},"end":{"line":18,"column":30}},"loc":{"start":{"line":18,"column":52},"end":{"line":31,"column":1}},"line":18},"5":{"name":"(anonymous_5)","decl":{"start":{"line":19,"column":21},"end":{"line":19,"column":22}},"loc":{"start":{"line":19,"column":42},"end":{"line":30,"column":3}},"line":19},"6":{"name":"(anonymous_6)","decl":{"start":{"line":24,"column":12},"end":{"line":24,"column":13}},"loc":{"start":{"line":24,"column":24},"end":{"line":26,"column":7}},"line":24},"7":{"name":"(anonymous_7)","decl":{"start":{"line":27,"column":13},"end":{"line":27,"column":14}},"loc":{"start":{"line":27,"column":22},"end":{"line":29,"column":7}},"line":27},"8":{"name":"(anonymous_8)","decl":{"start":{"line":33,"column":27},"end":{"line":33,"column":28}},"loc":{"start":{"line":38,"column":5},"end":{"line":57,"column":1}},"line":38},"9":{"name":"(anonymous_9)","decl":{"start":{"line":39,"column":21},"end":{"line":39,"column":22}},"loc":{"start":{"line":39,"column":42},"end":{"line":56,"column":3}},"line":39},"10":{"name":"(anonymous_10)","decl":{"start":{"line":50,"column":12},"end":{"line":50,"column":13}},"loc":{"start":{"line":50,"column":24},"end":{"line":52,"column":7}},"line":50},"11":{"name":"(anonymous_11)","decl":{"start":{"line":53,"column":13},"end":{"line":53,"column":14}},"loc":{"start":{"line":53,"column":22},"end":{"line":55,"column":7}},"line":53},"12":{"name":"(anonymous_12)","decl":{"start":{"line":59,"column":24},"end":{"line":59,"column":25}},"loc":{"start":{"line":59,"column":34},"end":{"line":72,"column":1}},"line":59},"13":{"name":"(anonymous_13)","decl":{"start":{"line":60,"column":21},"end":{"line":60,"column":22}},"loc":{"start":{"line":60,"column":42},"end":{"line":71,"column":3}},"line":60},"14":{"name":"(anonymous_14)","decl":{"start":{"line":65,"column":12},"end":{"line":65,"column":13}},"loc":{"start":{"line":65,"column":24},"end":{"line":67,"column":7}},"line":65},"15":{"name":"(anonymous_15)","decl":{"start":{"line":68,"column":13},"end":{"line":68,"column":14}},"loc":{"start":{"line":68,"column":22},"end":{"line":70,"column":7}},"line":68},"16":{"name":"(anonymous_16)","decl":{"start":{"line":74,"column":35},"end":{"line":74,"column":36}},"loc":{"start":{"line":74,"column":73},"end":{"line":88,"column":1}},"line":74},"17":{"name":"(anonymous_17)","decl":{"start":{"line":75,"column":21},"end":{"line":75,"column":22}},"loc":{"start":{"line":75,"column":42},"end":{"line":87,"column":3}},"line":75},"18":{"name":"(anonymous_18)","decl":{"start":{"line":81,"column":12},"end":{"line":81,"column":13}},"loc":{"start":{"line":81,"column":24},"end":{"line":83,"column":7}},"line":81},"19":{"name":"(anonymous_19)","decl":{"start":{"line":84,"column":13},"end":{"line":84,"column":14}},"loc":{"start":{"line":84,"column":22},"end":{"line":86,"column":7}},"line":84}},"branchMap":{"0":{"loc":{"start":{"line":45,"column":10},"end":{"line":47,"column":16}},"type":"cond-expr","locations":[{"start":{"line":46,"column":14},"end":{"line":46,"column":69}},{"start":{"line":47,"column":14},"end":{"line":47,"column":16}}],"line":45}},"s":{"0":1,"1":1,"2":0,"3":0,"4":0,"5":0,"6":1,"7":0,"8":0,"9":0,"10":0,"11":1,"12":0,"13":0,"14":0,"15":0,"16":1,"17":0,"18":0,"19":0,"20":0,"21":1,"22":0,"23":0,"24":0,"25":0},"f":{"0":0,"1":0,"2":0,"3":0,"4":0,"5":0,"6":0,"7":0,"8":0,"9":0,"10":0,"11":0,"12":0,"13":0,"14":0,"15":0,"16":0,"17":0,"18":0,"19":0},"b":{"0":[0,0]},"_coverageSchema":"332fd63041d2c1bcb487cc26dd0d5f7d97098a6c","hash":"bca77c3751ce430f5454689a917c07430e6b1bdc"}
,"/Users/faustinocortina/cs52/project-boost-mobile/navigation/AppNavigator.js": {"path":"/Users/faustinocortina/cs52/project-boost-mobile/navigation/AppNavigator.js","statementMap":{"0":{"start":{"line":9,"column":18},"end":{"line":11,"column":2}},"1":{"start":{"line":13,"column":24},"end":{"line":15,"column":2}},"2":{"start":{"line":17,"column":21},"end":{"line":19,"column":2}}},"fnMap":{},"branchMap":{},"s":{"0":1,"1":1,"2":1},"f":{},"b":{},"_coverageSchema":"332fd63041d2c1bcb487cc26dd0d5f7d97098a6c","hash":"2bb9ff613b2f21668c083e1f50630ba7b15df22b"}
,"/Users/faustinocortina/cs52/project-boost-mobile/navigation/MainTabNavigator.js": {"path":"/Users/faustinocortina/cs52/project-boost-mobile/navigation/MainTabNavigator.js","statementMap":{"0":{"start":{"line":10,"column":18},"end":{"line":12,"column":2}},"1":{"start":{"line":14,"column":0},"end":{"line":17,"column":2}},"2":{"start":{"line":16,"column":31},"end":{"line":16,"column":84}},"3":{"start":{"line":19,"column":19},"end":{"line":21,"column":2}},"4":{"start":{"line":23,"column":0},"end":{"line":26,"column":2}},"5":{"start":{"line":25,"column":31},"end":{"line":25,"column":83}},"6":{"start":{"line":28,"column":22},"end":{"line":30,"column":2}},"7":{"start":{"line":32,"column":0},"end":{"line":35,"column":2}},"8":{"start":{"line":34,"column":31},"end":{"line":34,"column":79}},"9":{"start":{"line":37,"column":33},"end":{"line":54,"column":1}}},"fnMap":{"0":{"name":"(anonymous_0)","decl":{"start":{"line":16,"column":14},"end":{"line":16,"column":15}},"loc":{"start":{"line":16,"column":31},"end":{"line":16,"column":84}},"line":16},"1":{"name":"(anonymous_1)","decl":{"start":{"line":25,"column":14},"end":{"line":25,"column":15}},"loc":{"start":{"line":25,"column":31},"end":{"line":25,"column":83}},"line":25},"2":{"name":"(anonymous_2)","decl":{"start":{"line":34,"column":14},"end":{"line":34,"column":15}},"loc":{"start":{"line":34,"column":31},"end":{"line":34,"column":79}},"line":34}},"branchMap":{},"s":{"0":1,"1":1,"2":0,"3":1,"4":1,"5":0,"6":1,"7":1,"8":0,"9":1},"f":{"0":0,"1":0,"2":0},"b":{},"_coverageSchema":"332fd63041d2c1bcb487cc26dd0d5f7d97098a6c","hash":"99fdc7021c8f2252fde3ccf3e7d07bbab95c3ded"}
,"/Users/faustinocortina/cs52/project-boost-mobile/screens/DataScreen.js": {"path":"/Users/faustinocortina/cs52/project-boost-mobile/screens/DataScreen.js","statementMap":{"0":{"start":{"line":14,"column":4},"end":{"line":14,"column":17}},"1":{"start":{"line":16,"column":4},"end":{"line":23,"column":6}},"2":{"start":{"line":27,"column":4},"end":{"line":29,"column":7}},"3":{"start":{"line":32,"column":4},"end":{"line":34,"column":7}},"4":{"start":{"line":37,"column":4},"end":{"line":39,"column":7}},"5":{"start":{"line":43,"column":4},"end":{"line":104,"column":6}},"6":{"start":{"line":108,"column":15},"end":{"line":162,"column":2}},"7":{"start":{"line":164,"column":24},"end":{"line":168,"column":1}},"8":{"start":{"line":165,"column":2},"end":{"line":167,"column":4}}},"fnMap":{"0":{"name":"(anonymous_0)","decl":{"start":{"line":13,"column":2},"end":{"line":13,"column":3}},"loc":{"start":{"line":13,"column":21},"end":{"line":24,"column":3}},"line":13},"1":{"name":"(anonymous_1)","decl":{"start":{"line":26,"column":22},"end":{"line":26,"column":23}},"loc":{"start":{"line":26,"column":28},"end":{"line":30,"column":3}},"line":26},"2":{"name":"(anonymous_2)","decl":{"start":{"line":31,"column":23},"end":{"line":31,"column":24}},"loc":{"start":{"line":31,"column":29},"end":{"line":35,"column":3}},"line":31},"3":{"name":"(anonymous_3)","decl":{"start":{"line":36,"column":24},"end":{"line":36,"column":25}},"loc":{"start":{"line":36,"column":30},"end":{"line":40,"column":3}},"line":36},"4":{"name":"(anonymous_4)","decl":{"start":{"line":42,"column":2},"end":{"line":42,"column":3}},"loc":{"start":{"line":42,"column":11},"end":{"line":105,"column":3}},"line":42},"5":{"name":"(anonymous_5)","decl":{"start":{"line":164,"column":24},"end":{"line":164,"column":25}},"loc":{"start":{"line":164,"column":33},"end":{"line":168,"column":1}},"line":164}},"branchMap":{"0":{"loc":{"start":{"line":50,"column":16},"end":{"line":50,"column":97}},"type":"cond-expr","locations":[{"start":{"line":50,"column":58},"end":{"line":50,"column":76}},{"start":{"line":50,"column":79},"end":{"line":50,"column":97}}],"line":50},"1":{"loc":{"start":{"line":57,"column":16},"end":{"line":57,"column":98}},"type":"cond-expr","locations":[{"start":{"line":57,"column":59},"end":{"line":57,"column":77}},{"start":{"line":57,"column":80},"end":{"line":57,"column":98}}],"line":57},"2":{"loc":{"start":{"line":64,"column":16},"end":{"line":64,"column":99}},"type":"cond-expr","locations":[{"start":{"line":64,"column":60},"end":{"line":64,"column":78}},{"start":{"line":64,"column":81},"end":{"line":64,"column":99}}],"line":64}},"s":{"0":0,"1":0,"2":0,"3":0,"4":0,"5":0,"6":1,"7":1,"8":0},"f":{"0":0,"1":0,"2":0,"3":0,"4":0,"5":0},"b":{"0":[0,0],"1":[0,0],"2":[0,0]},"_coverageSchema":"332fd63041d2c1bcb487cc26dd0d5f7d97098a6c","hash":"5a22b22d6f61e10e86a3c967babad63aaa9b2fd2"}
,"/Users/faustinocortina/cs52/project-boost-mobile/screens/LoginScreen.js": {"path":"/Users/faustinocortina/cs52/project-boost-mobile/screens/LoginScreen.js","statementMap":{"0":{"start":{"line":17,"column":26},"end":{"line":17,"column":50}},"1":{"start":{"line":25,"column":4},"end":{"line":28,"column":5}},"2":{"start":{"line":26,"column":6},"end":{"line":26,"column":60}},"3":{"start":{"line":27,"column":6},"end":{"line":27,"column":51}},"4":{"start":{"line":32,"column":4},"end":{"line":52,"column":6}},"5":{"start":{"line":57,"column":4},"end":{"line":85,"column":5}},"6":{"start":{"line":58,"column":21},"end":{"line":64,"column":8}},"7":{"start":{"line":67,"column":6},"end":{"line":82,"column":7}},"8":{"start":{"line":68,"column":27},"end":{"line":71,"column":9}},"9":{"start":{"line":73,"column":8},"end":{"line":79,"column":13}},"10":{"start":{"line":77,"column":12},"end":{"line":77,"column":66}},"11":{"start":{"line":78,"column":12},"end":{"line":78,"column":57}},"12":{"start":{"line":81,"column":8},"end":{"line":81,"column":53}},"13":{"start":{"line":84,"column":6},"end":{"line":84,"column":33}},"14":{"start":{"line":89,"column":15},"end":{"line":131,"column":2}},"15":{"start":{"line":133,"column":27},"end":{"line":139,"column":1}},"16":{"start":{"line":134,"column":2},"end":{"line":138,"column":4}},"17":{"start":{"line":136,"column":6},"end":{"line":136,"column":34}}},"fnMap":{"0":{"name":"(anonymous_0)","decl":{"start":{"line":24,"column":2},"end":{"line":24,"column":3}},"loc":{"start":{"line":24,"column":23},"end":{"line":29,"column":3}},"line":24},"1":{"name":"(anonymous_1)","decl":{"start":{"line":31,"column":2},"end":{"line":31,"column":3}},"loc":{"start":{"line":31,"column":11},"end":{"line":53,"column":3}},"line":31},"2":{"name":"(anonymous_2)","decl":{"start":{"line":56,"column":22},"end":{"line":56,"column":23}},"loc":{"start":{"line":56,"column":34},"end":{"line":86,"column":3}},"line":56},"3":{"name":"(anonymous_3)","decl":{"start":{"line":76,"column":16},"end":{"line":76,"column":17}},"loc":{"start":{"line":76,"column":22},"end":{"line":79,"column":11}},"line":76},"4":{"name":"(anonymous_4)","decl":{"start":{"line":133,"column":27},"end":{"line":133,"column":28}},"loc":{"start":{"line":133,"column":39},"end":{"line":139,"column":1}},"line":133},"5":{"name":"(anonymous_5)","decl":{"start":{"line":135,"column":15},"end":{"line":135,"column":16}},"loc":{"start":{"line":135,"column":25},"end":{"line":137,"column":5}},"line":135}},"branchMap":{"0":{"loc":{"start":{"line":25,"column":4},"end":{"line":28,"column":5}},"type":"if","locations":[{"start":{"line":25,"column":4},"end":{"line":28,"column":5}},{"start":{"line":25,"column":4},"end":{"line":28,"column":5}}],"line":25},"1":{"loc":{"start":{"line":60,"column":21},"end":{"line":62,"column":86}},"type":"cond-expr","locations":[{"start":{"line":61,"column":12},"end":{"line":61,"column":86}},{"start":{"line":62,"column":12},"end":{"line":62,"column":86}}],"line":60},"2":{"loc":{"start":{"line":67,"column":6},"end":{"line":82,"column":7}},"type":"if","locations":[{"start":{"line":67,"column":6},"end":{"line":82,"column":7}},{"start":{"line":67,"column":6},"end":{"line":82,"column":7}}],"line":67}},"s":{"0":1,"1":2,"2":0,"3":0,"4":2,"5":0,"6":0,"7":0,"8":0,"9":0,"10":0,"11":0,"12":0,"13":0,"14":1,"15":1,"16":2,"17":0},"f":{"0":2,"1":2,"2":0,"3":0,"4":2,"5":0},"b":{"0":[0,2],"1":[0,0],"2":[0,0]},"_coverageSchema":"332fd63041d2c1bcb487cc26dd0d5f7d97098a6c","hash":"115307b183c96bbce9117ef456a28f32255f4cbb"}
,"/Users/faustinocortina/cs52/project-boost-mobile/screens/ProvideInitialInfoScreen.js": {"path":"/Users/faustinocortina/cs52/project-boost-mobile/screens/ProvideInitialInfoScreen.js","statementMap":{"0":{"start":{"line":14,"column":19},"end":{"line":14,"column":28}},"1":{"start":{"line":15,"column":18},"end":{"line":15,"column":27}},"2":{"start":{"line":16,"column":14},"end":{"line":16,"column":23}},"3":{"start":{"line":20,"column":4},"end":{"line":20,"column":17}},"4":{"start":{"line":23,"column":20},"end":{"line":23,"column":70}},"5":{"start":{"line":25,"column":4},"end":{"line":27,"column":7}},"6":{"start":{"line":26,"column":6},"end":{"line":26,"column":54}},"7":{"start":{"line":29,"column":30},"end":{"line":29,"column":32}},"8":{"start":{"line":32,"column":4},"end":{"line":34,"column":7}},"9":{"start":{"line":33,"column":6},"end":{"line":33,"column":44}},"10":{"start":{"line":37,"column":4},"end":{"line":39,"column":7}},"11":{"start":{"line":38,"column":6},"end":{"line":38,"column":92}},"12":{"start":{"line":41,"column":4},"end":{"line":51,"column":6}},"13":{"start":{"line":60,"column":4},"end":{"line":65,"column":6}},"14":{"start":{"line":70,"column":30},"end":{"line":70,"column":58}},"15":{"start":{"line":73,"column":4},"end":{"line":75,"column":5}},"16":{"start":{"line":74,"column":6},"end":{"line":74,"column":93}},"17":{"start":{"line":78,"column":4},"end":{"line":111,"column":6}},"18":{"start":{"line":85,"column":8},"end":{"line":109,"column":9}},"19":{"start":{"line":86,"column":10},"end":{"line":106,"column":15}},"20":{"start":{"line":94,"column":14},"end":{"line":102,"column":19}},"21":{"start":{"line":97,"column":18},"end":{"line":97,"column":51}},"22":{"start":{"line":98,"column":18},"end":{"line":98,"column":56}},"23":{"start":{"line":101,"column":18},"end":{"line":101,"column":45}},"24":{"start":{"line":105,"column":14},"end":{"line":105,"column":41}},"25":{"start":{"line":108,"column":10},"end":{"line":108,"column":81}},"26":{"start":{"line":116,"column":4},"end":{"line":134,"column":6}},"27":{"start":{"line":121,"column":26},"end":{"line":121,"column":88}},"28":{"start":{"line":122,"column":10},"end":{"line":126,"column":13}},"29":{"start":{"line":138,"column":4},"end":{"line":190,"column":7}},"30":{"start":{"line":140,"column":24},"end":{"line":154,"column":7}},"31":{"start":{"line":146,"column":12},"end":{"line":146,"column":57}},"32":{"start":{"line":149,"column":12},"end":{"line":151,"column":15}},"33":{"start":{"line":157,"column":6},"end":{"line":189,"column":8}},"34":{"start":{"line":178,"column":42},"end":{"line":178,"column":70}},"35":{"start":{"line":179,"column":16},"end":{"line":179,"column":52}},"36":{"start":{"line":180,"column":16},"end":{"line":182,"column":19}},"37":{"start":{"line":194,"column":4},"end":{"line":233,"column":6}},"38":{"start":{"line":203,"column":16},"end":{"line":206,"column":19}},"39":{"start":{"line":225,"column":16},"end":{"line":225,"column":69}},"40":{"start":{"line":237,"column":4},"end":{"line":246,"column":5}},"41":{"start":{"line":238,"column":32},"end":{"line":238,"column":60}},"42":{"start":{"line":239,"column":6},"end":{"line":239,"column":93}},"43":{"start":{"line":241,"column":6},"end":{"line":245,"column":9}},"44":{"start":{"line":250,"column":4},"end":{"line":297,"column":6}},"45":{"start":{"line":291,"column":14},"end":{"line":291,"column":30}},"46":{"start":{"line":301,"column":15},"end":{"line":429,"column":2}},"47":{"start":{"line":431,"column":24},"end":{"line":436,"column":1}},"48":{"start":{"line":432,"column":2},"end":{"line":435,"column":4}},"49":{"start":{"line":439,"column":27},"end":{"line":445,"column":1}},"50":{"start":{"line":440,"column":2},"end":{"line":444,"column":4}},"51":{"start":{"line":442,"column":6},"end":{"line":442,"column":36}}},"fnMap":{"0":{"name":"(anonymous_0)","decl":{"start":{"line":19,"column":2},"end":{"line":19,"column":3}},"loc":{"start":{"line":19,"column":21},"end":{"line":52,"column":3}},"line":19},"1":{"name":"(anonymous_1)","decl":{"start":{"line":25,"column":20},"end":{"line":25,"column":21}},"loc":{"start":{"line":25,"column":36},"end":{"line":27,"column":5}},"line":25},"2":{"name":"(anonymous_2)","decl":{"start":{"line":32,"column":41},"end":{"line":32,"column":42}},"loc":{"start":{"line":32,"column":51},"end":{"line":34,"column":5}},"line":32},"3":{"name":"(anonymous_3)","decl":{"start":{"line":37,"column":71},"end":{"line":37,"column":72}},"loc":{"start":{"line":37,"column":83},"end":{"line":39,"column":5}},"line":37},"4":{"name":"(anonymous_4)","decl":{"start":{"line":59,"column":18},"end":{"line":59,"column":19}},"loc":{"start":{"line":59,"column":24},"end":{"line":66,"column":3}},"line":59},"5":{"name":"(anonymous_5)","decl":{"start":{"line":69,"column":13},"end":{"line":69,"column":14}},"loc":{"start":{"line":69,"column":19},"end":{"line":112,"column":3}},"line":69},"6":{"name":"(anonymous_6)","decl":{"start":{"line":84,"column":6},"end":{"line":84,"column":7}},"loc":{"start":{"line":84,"column":12},"end":{"line":110,"column":7}},"line":84},"7":{"name":"(anonymous_7)","decl":{"start":{"line":93,"column":18},"end":{"line":93,"column":19}},"loc":{"start":{"line":93,"column":24},"end":{"line":103,"column":13}},"line":93},"8":{"name":"(anonymous_8)","decl":{"start":{"line":96,"column":22},"end":{"line":96,"column":23}},"loc":{"start":{"line":96,"column":34},"end":{"line":99,"column":17}},"line":96},"9":{"name":"(anonymous_9)","decl":{"start":{"line":100,"column":23},"end":{"line":100,"column":24}},"loc":{"start":{"line":100,"column":32},"end":{"line":102,"column":17}},"line":100},"10":{"name":"(anonymous_10)","decl":{"start":{"line":104,"column":19},"end":{"line":104,"column":20}},"loc":{"start":{"line":104,"column":28},"end":{"line":106,"column":13}},"line":104},"11":{"name":"(anonymous_11)","decl":{"start":{"line":115,"column":28},"end":{"line":115,"column":29}},"loc":{"start":{"line":115,"column":34},"end":{"line":135,"column":3}},"line":115},"12":{"name":"(anonymous_12)","decl":{"start":{"line":120,"column":21},"end":{"line":120,"column":22}},"loc":{"start":{"line":120,"column":40},"end":{"line":127,"column":9}},"line":120},"13":{"name":"(anonymous_13)","decl":{"start":{"line":137,"column":21},"end":{"line":137,"column":22}},"loc":{"start":{"line":137,"column":27},"end":{"line":191,"column":3}},"line":137},"14":{"name":"(anonymous_14)","decl":{"start":{"line":138,"column":57},"end":{"line":138,"column":58}},"loc":{"start":{"line":138,"column":77},"end":{"line":190,"column":5}},"line":138},"15":{"name":"(anonymous_15)","decl":{"start":{"line":145,"column":19},"end":{"line":145,"column":20}},"loc":{"start":{"line":145,"column":25},"end":{"line":152,"column":11}},"line":145},"16":{"name":"(anonymous_16)","decl":{"start":{"line":177,"column":28},"end":{"line":177,"column":29}},"loc":{"start":{"line":177,"column":38},"end":{"line":183,"column":15}},"line":177},"17":{"name":"(anonymous_17)","decl":{"start":{"line":193,"column":21},"end":{"line":193,"column":22}},"loc":{"start":{"line":193,"column":27},"end":{"line":234,"column":3}},"line":193},"18":{"name":"(anonymous_18)","decl":{"start":{"line":202,"column":27},"end":{"line":202,"column":28}},"loc":{"start":{"line":202,"column":46},"end":{"line":207,"column":15}},"line":202},"19":{"name":"(anonymous_19)","decl":{"start":{"line":224,"column":28},"end":{"line":224,"column":29}},"loc":{"start":{"line":224,"column":38},"end":{"line":226,"column":15}},"line":224},"20":{"name":"(anonymous_20)","decl":{"start":{"line":236,"column":16},"end":{"line":236,"column":17}},"loc":{"start":{"line":236,"column":22},"end":{"line":247,"column":3}},"line":236},"21":{"name":"(anonymous_21)","decl":{"start":{"line":249,"column":2},"end":{"line":249,"column":3}},"loc":{"start":{"line":249,"column":11},"end":{"line":298,"column":3}},"line":249},"22":{"name":"(anonymous_22)","decl":{"start":{"line":290,"column":21},"end":{"line":290,"column":22}},"loc":{"start":{"line":290,"column":27},"end":{"line":292,"column":13}},"line":290},"23":{"name":"(anonymous_23)","decl":{"start":{"line":431,"column":24},"end":{"line":431,"column":25}},"loc":{"start":{"line":431,"column":33},"end":{"line":436,"column":1}},"line":431},"24":{"name":"(anonymous_24)","decl":{"start":{"line":439,"column":27},"end":{"line":439,"column":28}},"loc":{"start":{"line":439,"column":39},"end":{"line":445,"column":1}},"line":439},"25":{"name":"(anonymous_25)","decl":{"start":{"line":441,"column":17},"end":{"line":441,"column":18}},"loc":{"start":{"line":441,"column":27},"end":{"line":443,"column":5}},"line":441}},"branchMap":{"0":{"loc":{"start":{"line":42,"column":20},"end":{"line":44,"column":35}},"type":"cond-expr","locations":[{"start":{"line":43,"column":10},"end":{"line":43,"column":42}},{"start":{"line":44,"column":10},"end":{"line":44,"column":35}}],"line":42},"1":{"loc":{"start":{"line":46,"column":27},"end":{"line":46,"column":60}},"type":"cond-expr","locations":[{"start":{"line":46,"column":48},"end":{"line":46,"column":55}},{"start":{"line":46,"column":58},"end":{"line":46,"column":60}}],"line":46},"2":{"loc":{"start":{"line":61,"column":6},"end":{"line":64,"column":42}},"type":"binary-expr","locations":[{"start":{"line":61,"column":6},"end":{"line":61,"column":59}},{"start":{"line":62,"column":6},"end":{"line":62,"column":38}},{"start":{"line":63,"column":6},"end":{"line":63,"column":43}},{"start":{"line":64,"column":6},"end":{"line":64,"column":42}}],"line":61},"3":{"loc":{"start":{"line":73,"column":4},"end":{"line":75,"column":5}},"type":"if","locations":[{"start":{"line":73,"column":4},"end":{"line":75,"column":5}},{"start":{"line":73,"column":4},"end":{"line":75,"column":5}}],"line":73},"4":{"loc":{"start":{"line":73,"column":8},"end":{"line":73,"column":91}},"type":"binary-expr","locations":[{"start":{"line":73,"column":8},"end":{"line":73,"column":47}},{"start":{"line":73,"column":51},"end":{"line":73,"column":91}}],"line":73},"5":{"loc":{"start":{"line":85,"column":8},"end":{"line":109,"column":9}},"type":"if","locations":[{"start":{"line":85,"column":8},"end":{"line":109,"column":9}},{"start":{"line":85,"column":8},"end":{"line":109,"column":9}}],"line":85},"6":{"loc":{"start":{"line":237,"column":4},"end":{"line":246,"column":5}},"type":"if","locations":[{"start":{"line":237,"column":4},"end":{"line":246,"column":5}},{"start":{"line":237,"column":4},"end":{"line":246,"column":5}}],"line":237},"7":{"loc":{"start":{"line":237,"column":8},"end":{"line":237,"column":91}},"type":"binary-expr","locations":[{"start":{"line":237,"column":8},"end":{"line":237,"column":47}},{"start":{"line":237,"column":51},"end":{"line":237,"column":91}}],"line":237},"8":{"loc":{"start":{"line":276,"column":15},"end":{"line":284,"column":22}},"type":"cond-expr","locations":[{"start":{"line":278,"column":16},"end":{"line":283,"column":18}},{"start":{"line":284,"column":18},"end":{"line":284,"column":22}}],"line":276},"9":{"loc":{"start":{"line":276,"column":15},"end":{"line":277,"column":54}},"type":"binary-expr","locations":[{"start":{"line":276,"column":15},"end":{"line":276,"column":54}},{"start":{"line":277,"column":14},"end":{"line":277,"column":54}}],"line":276}},"s":{"0":1,"1":1,"2":1,"3":0,"4":0,"5":0,"6":0,"7":0,"8":0,"9":0,"10":0,"11":0,"12":0,"13":0,"14":0,"15":0,"16":0,"17":0,"18":0,"19":0,"20":0,"21":0,"22":0,"23":0,"24":0,"25":0,"26":0,"27":0,"28":0,"29":0,"30":0,"31":0,"32":0,"33":0,"34":0,"35":0,"36":0,"37":0,"38":0,"39":0,"40":0,"41":0,"42":0,"43":0,"44":0,"45":0,"46":1,"47":1,"48":0,"49":1,"50":0,"51":0},"f":{"0":0,"1":0,"2":0,"3":0,"4":0,"5":0,"6":0,"7":0,"8":0,"9":0,"10":0,"11":0,"12":0,"13":0,"14":0,"15":0,"16":0,"17":0,"18":0,"19":0,"20":0,"21":0,"22":0,"23":0,"24":0,"25":0},"b":{"0":[0,0],"1":[0,0],"2":[0,0,0,0],"3":[0,0],"4":[0,0],"5":[0,0],"6":[0,0],"7":[0,0],"8":[0,0],"9":[0,0]},"_coverageSchema":"332fd63041d2c1bcb487cc26dd0d5f7d97098a6c","hash":"0d0f0a3df4471092432956f6fc2d18d99e1dcbe4"}
,"/Users/faustinocortina/cs52/project-boost-mobile/screens/SettingsScreen.js": {"path":"/Users/faustinocortina/cs52/project-boost-mobile/screens/SettingsScreen.js","statementMap":{"0":{"start":{"line":16,"column":4},"end":{"line":16,"column":17}},"1":{"start":{"line":19,"column":20},"end":{"line":19,"column":70}},"2":{"start":{"line":21,"column":4},"end":{"line":23,"column":7}},"3":{"start":{"line":22,"column":6},"end":{"line":22,"column":54}},"4":{"start":{"line":25,"column":4},"end":{"line":36,"column":6}},"5":{"start":{"line":45,"column":38},"end":{"line":45,"column":74}},"6":{"start":{"line":48,"column":4},"end":{"line":52,"column":5}},"7":{"start":{"line":49,"column":6},"end":{"line":51,"column":47}},"8":{"start":{"line":55,"column":4},"end":{"line":82,"column":6}},"9":{"start":{"line":63,"column":8},"end":{"line":80,"column":13}},"10":{"start":{"line":72,"column":12},"end":{"line":79,"column":17}},"11":{"start":{"line":75,"column":16},"end":{"line":75,"column":49}},"12":{"start":{"line":78,"column":16},"end":{"line":78,"column":41}},"13":{"start":{"line":87,"column":4},"end":{"line":105,"column":6}},"14":{"start":{"line":92,"column":26},"end":{"line":92,"column":88}},"15":{"start":{"line":93,"column":10},"end":{"line":97,"column":13}},"16":{"start":{"line":109,"column":4},"end":{"line":153,"column":7}},"17":{"start":{"line":111,"column":24},"end":{"line":121,"column":7}},"18":{"start":{"line":117,"column":12},"end":{"line":117,"column":66}},"19":{"start":{"line":118,"column":12},"end":{"line":118,"column":28}},"20":{"start":{"line":124,"column":6},"end":{"line":152,"column":8}},"21":{"start":{"line":140,"column":30},"end":{"line":140,"column":66}},"22":{"start":{"line":141,"column":18},"end":{"line":141,"column":41}},"23":{"start":{"line":143,"column":18},"end":{"line":145,"column":21}},"24":{"start":{"line":157,"column":4},"end":{"line":197,"column":6}},"25":{"start":{"line":166,"column":16},"end":{"line":169,"column":19}},"26":{"start":{"line":188,"column":16},"end":{"line":190,"column":19}},"27":{"start":{"line":201,"column":4},"end":{"line":236,"column":6}},"28":{"start":{"line":230,"column":14},"end":{"line":230,"column":30}},"29":{"start":{"line":240,"column":15},"end":{"line":365,"column":2}},"30":{"start":{"line":367,"column":24},"end":{"line":371,"column":1}},"31":{"start":{"line":368,"column":2},"end":{"line":370,"column":4}},"32":{"start":{"line":373,"column":27},"end":{"line":379,"column":1}},"33":{"start":{"line":374,"column":2},"end":{"line":378,"column":4}},"34":{"start":{"line":376,"column":6},"end":{"line":376,"column":36}}},"fnMap":{"0":{"name":"(anonymous_0)","decl":{"start":{"line":15,"column":2},"end":{"line":15,"column":3}},"loc":{"start":{"line":15,"column":21},"end":{"line":37,"column":3}},"line":15},"1":{"name":"(anonymous_1)","decl":{"start":{"line":21,"column":20},"end":{"line":21,"column":21}},"loc":{"start":{"line":21,"column":36},"end":{"line":23,"column":5}},"line":21},"2":{"name":"(anonymous_2)","decl":{"start":{"line":44,"column":13},"end":{"line":44,"column":14}},"loc":{"start":{"line":44,"column":19},"end":{"line":83,"column":3}},"line":44},"3":{"name":"(anonymous_3)","decl":{"start":{"line":61,"column":6},"end":{"line":61,"column":7}},"loc":{"start":{"line":61,"column":12},"end":{"line":81,"column":7}},"line":61},"4":{"name":"(anonymous_4)","decl":{"start":{"line":70,"column":16},"end":{"line":70,"column":17}},"loc":{"start":{"line":70,"column":22},"end":{"line":80,"column":11}},"line":70},"5":{"name":"(anonymous_5)","decl":{"start":{"line":74,"column":20},"end":{"line":74,"column":21}},"loc":{"start":{"line":74,"column":32},"end":{"line":76,"column":15}},"line":74},"6":{"name":"(anonymous_6)","decl":{"start":{"line":77,"column":21},"end":{"line":77,"column":22}},"loc":{"start":{"line":77,"column":28},"end":{"line":79,"column":15}},"line":77},"7":{"name":"(anonymous_7)","decl":{"start":{"line":86,"column":28},"end":{"line":86,"column":29}},"loc":{"start":{"line":86,"column":34},"end":{"line":106,"column":3}},"line":86},"8":{"name":"(anonymous_8)","decl":{"start":{"line":91,"column":21},"end":{"line":91,"column":22}},"loc":{"start":{"line":91,"column":40},"end":{"line":98,"column":9}},"line":91},"9":{"name":"(anonymous_9)","decl":{"start":{"line":108,"column":21},"end":{"line":108,"column":22}},"loc":{"start":{"line":108,"column":27},"end":{"line":154,"column":3}},"line":108},"10":{"name":"(anonymous_10)","decl":{"start":{"line":109,"column":65},"end":{"line":109,"column":66}},"loc":{"start":{"line":109,"column":86},"end":{"line":153,"column":5}},"line":109},"11":{"name":"(anonymous_11)","decl":{"start":{"line":116,"column":19},"end":{"line":116,"column":20}},"loc":{"start":{"line":116,"column":25},"end":{"line":119,"column":11}},"line":116},"12":{"name":"(anonymous_12)","decl":{"start":{"line":139,"column":30},"end":{"line":139,"column":31}},"loc":{"start":{"line":139,"column":40},"end":{"line":146,"column":17}},"line":139},"13":{"name":"(anonymous_13)","decl":{"start":{"line":156,"column":21},"end":{"line":156,"column":22}},"loc":{"start":{"line":156,"column":27},"end":{"line":198,"column":3}},"line":156},"14":{"name":"(anonymous_14)","decl":{"start":{"line":165,"column":27},"end":{"line":165,"column":28}},"loc":{"start":{"line":165,"column":46},"end":{"line":170,"column":15}},"line":165},"15":{"name":"(anonymous_15)","decl":{"start":{"line":187,"column":28},"end":{"line":187,"column":29}},"loc":{"start":{"line":187,"column":38},"end":{"line":191,"column":15}},"line":187},"16":{"name":"(anonymous_16)","decl":{"start":{"line":200,"column":2},"end":{"line":200,"column":3}},"loc":{"start":{"line":200,"column":11},"end":{"line":237,"column":3}},"line":200},"17":{"name":"(anonymous_17)","decl":{"start":{"line":229,"column":21},"end":{"line":229,"column":22}},"loc":{"start":{"line":229,"column":27},"end":{"line":231,"column":13}},"line":229},"18":{"name":"(anonymous_18)","decl":{"start":{"line":367,"column":24},"end":{"line":367,"column":25}},"loc":{"start":{"line":367,"column":33},"end":{"line":371,"column":1}},"line":367},"19":{"name":"(anonymous_19)","decl":{"start":{"line":373,"column":27},"end":{"line":373,"column":28}},"loc":{"start":{"line":373,"column":39},"end":{"line":379,"column":1}},"line":373},"20":{"name":"(anonymous_20)","decl":{"start":{"line":375,"column":17},"end":{"line":375,"column":18}},"loc":{"start":{"line":375,"column":27},"end":{"line":377,"column":5}},"line":375}},"branchMap":{"0":{"loc":{"start":{"line":27,"column":20},"end":{"line":29,"column":36}},"type":"cond-expr","locations":[{"start":{"line":28,"column":10},"end":{"line":28,"column":42}},{"start":{"line":29,"column":10},"end":{"line":29,"column":36}}],"line":27},"1":{"loc":{"start":{"line":31,"column":27},"end":{"line":31,"column":60}},"type":"cond-expr","locations":[{"start":{"line":31,"column":48},"end":{"line":31,"column":55}},{"start":{"line":31,"column":58},"end":{"line":31,"column":60}}],"line":31},"2":{"loc":{"start":{"line":48,"column":4},"end":{"line":52,"column":5}},"type":"if","locations":[{"start":{"line":48,"column":4},"end":{"line":52,"column":5}},{"start":{"line":48,"column":4},"end":{"line":52,"column":5}}],"line":48},"3":{"loc":{"start":{"line":48,"column":8},"end":{"line":48,"column":91}},"type":"binary-expr","locations":[{"start":{"line":48,"column":8},"end":{"line":48,"column":47}},{"start":{"line":48,"column":51},"end":{"line":48,"column":91}}],"line":48}},"s":{"0":0,"1":0,"2":0,"3":0,"4":0,"5":0,"6":0,"7":0,"8":0,"9":0,"10":0,"11":0,"12":0,"13":0,"14":0,"15":0,"16":0,"17":0,"18":0,"19":0,"20":0,"21":0,"22":0,"23":0,"24":0,"25":0,"26":0,"27":0,"28":0,"29":1,"30":1,"31":0,"32":1,"33":0,"34":0},"f":{"0":0,"1":0,"2":0,"3":0,"4":0,"5":0,"6":0,"7":0,"8":0,"9":0,"10":0,"11":0,"12":0,"13":0,"14":0,"15":0,"16":0,"17":0,"18":0,"19":0,"20":0},"b":{"0":[0,0],"1":[0,0],"2":[0,0],"3":[0,0]},"_coverageSchema":"332fd63041d2c1bcb487cc26dd0d5f7d97098a6c","hash":"e9960d15daae3854e436eed5bba2cdd25a56d7b6"}
,"/Users/faustinocortina/cs52/project-boost-mobile/screens/SurveyScreen.js": {"path":"/Users/faustinocortina/cs52/project-boost-mobile/screens/SurveyScreen.js","statementMap":{"0":{"start":{"line":25,"column":4},"end":{"line":25,"column":17}},"1":{"start":{"line":27,"column":4},"end":{"line":36,"column":6}},"2":{"start":{"line":40,"column":4},"end":{"line":40,"column":30}},"3":{"start":{"line":41,"column":4},"end":{"line":41,"column":36}},"4":{"start":{"line":46,"column":4},"end":{"line":46,"column":80}},"5":{"start":{"line":46,"column":46},"end":{"line":46,"column":80}},"6":{"start":{"line":47,"column":4},"end":{"line":47,"column":58}},"7":{"start":{"line":51,"column":18},"end":{"line":51,"column":20}},"8":{"start":{"line":52,"column":4},"end":{"line":57,"column":5}},"9":{"start":{"line":53,"column":16},"end":{"line":53,"column":44}},"10":{"start":{"line":54,"column":6},"end":{"line":54,"column":67}},"11":{"start":{"line":56,"column":6},"end":{"line":56,"column":54}},"12":{"start":{"line":58,"column":4},"end":{"line":65,"column":6}},"13":{"start":{"line":69,"column":4},"end":{"line":69,"column":41}},"14":{"start":{"line":73,"column":4},"end":{"line":90,"column":6}},"15":{"start":{"line":85,"column":36},"end":{"line":85,"column":66}},"16":{"start":{"line":94,"column":4},"end":{"line":103,"column":21}},"17":{"start":{"line":95,"column":24},"end":{"line":95,"column":52}},"18":{"start":{"line":96,"column":23},"end":{"line":96,"column":54}},"19":{"start":{"line":97,"column":20},"end":{"line":97,"column":38}},"20":{"start":{"line":98,"column":18},"end":{"line":98,"column":34}},"21":{"start":{"line":99,"column":26},"end":{"line":99,"column":50}},"22":{"start":{"line":100,"column":24},"end":{"line":100,"column":46}},"23":{"start":{"line":101,"column":26},"end":{"line":101,"column":47}},"24":{"start":{"line":102,"column":6},"end":{"line":102,"column":69}},"25":{"start":{"line":103,"column":11},"end":{"line":103,"column":21}},"26":{"start":{"line":107,"column":17},"end":{"line":107,"column":46}},"27":{"start":{"line":108,"column":4},"end":{"line":108,"column":16}},"28":{"start":{"line":112,"column":4},"end":{"line":121,"column":5}},"29":{"start":{"line":113,"column":6},"end":{"line":113,"column":85}},"30":{"start":{"line":114,"column":6},"end":{"line":120,"column":9}},"31":{"start":{"line":115,"column":25},"end":{"line":115,"column":56}},"32":{"start":{"line":116,"column":8},"end":{"line":116,"column":40}},"33":{"start":{"line":117,"column":21},"end":{"line":117,"column":26}},"34":{"start":{"line":118,"column":8},"end":{"line":118,"column":67}},"35":{"start":{"line":118,"column":53},"end":{"line":118,"column":67}},"36":{"start":{"line":119,"column":8},"end":{"line":119,"column":70}},"37":{"start":{"line":125,"column":4},"end":{"line":134,"column":5}},"38":{"start":{"line":126,"column":6},"end":{"line":126,"column":85}},"39":{"start":{"line":127,"column":6},"end":{"line":133,"column":9}},"40":{"start":{"line":128,"column":25},"end":{"line":128,"column":56}},"41":{"start":{"line":129,"column":8},"end":{"line":129,"column":40}},"42":{"start":{"line":130,"column":21},"end":{"line":130,"column":26}},"43":{"start":{"line":131,"column":8},"end":{"line":131,"column":42}},"44":{"start":{"line":131,"column":28},"end":{"line":131,"column":42}},"45":{"start":{"line":132,"column":8},"end":{"line":132,"column":93}},"46":{"start":{"line":138,"column":4},"end":{"line":150,"column":5}},"47":{"start":{"line":139,"column":6},"end":{"line":149,"column":9}},"48":{"start":{"line":141,"column":26},"end":{"line":144,"column":10}},"49":{"start":{"line":142,"column":10},"end":{"line":142,"column":65}},"50":{"start":{"line":142,"column":31},"end":{"line":142,"column":65}},"51":{"start":{"line":143,"column":10},"end":{"line":143,"column":26}},"52":{"start":{"line":146,"column":8},"end":{"line":148,"column":10}},"53":{"start":{"line":154,"column":4},"end":{"line":162,"column":5}},"54":{"start":{"line":158,"column":24},"end":{"line":158,"column":70}},"55":{"start":{"line":159,"column":6},"end":{"line":159,"column":46}},"56":{"start":{"line":161,"column":6},"end":{"line":161,"column":38}},"57":{"start":{"line":166,"column":4},"end":{"line":166,"column":70}},"58":{"start":{"line":170,"column":21},"end":{"line":170,"column":23}},"59":{"start":{"line":171,"column":4},"end":{"line":180,"column":7}},"60":{"start":{"line":173,"column":6},"end":{"line":179,"column":8}},"61":{"start":{"line":181,"column":4},"end":{"line":181,"column":46}},"62":{"start":{"line":182,"column":4},"end":{"line":189,"column":9}},"63":{"start":{"line":184,"column":8},"end":{"line":184,"column":53}},"64":{"start":{"line":187,"column":8},"end":{"line":187,"column":27}},"65":{"start":{"line":188,"column":8},"end":{"line":188,"column":56}},"66":{"start":{"line":193,"column":4},"end":{"line":262,"column":6}},"67":{"start":{"line":229,"column":16},"end":{"line":229,"column":30}},"68":{"start":{"line":243,"column":18},"end":{"line":243,"column":37}},"69":{"start":{"line":255,"column":16},"end":{"line":255,"column":35}},"70":{"start":{"line":266,"column":15},"end":{"line":388,"column":2}},"71":{"start":{"line":390,"column":24},"end":{"line":395,"column":1}},"72":{"start":{"line":391,"column":2},"end":{"line":394,"column":4}}},"fnMap":{"0":{"name":"(anonymous_0)","decl":{"start":{"line":24,"column":2},"end":{"line":24,"column":3}},"loc":{"start":{"line":24,"column":21},"end":{"line":37,"column":3}},"line":24},"1":{"name":"(anonymous_1)","decl":{"start":{"line":39,"column":22},"end":{"line":39,"column":23}},"loc":{"start":{"line":39,"column":28},"end":{"line":42,"column":3}},"line":39},"2":{"name":"(anonymous_2)","decl":{"start":{"line":44,"column":23},"end":{"line":44,"column":24}},"loc":{"start":{"line":44,"column":29},"end":{"line":48,"column":3}},"line":44},"3":{"name":"(anonymous_3)","decl":{"start":{"line":50,"column":26},"end":{"line":50,"column":27}},"loc":{"start":{"line":50,"column":32},"end":{"line":66,"column":3}},"line":50},"4":{"name":"(anonymous_4)","decl":{"start":{"line":68,"column":22},"end":{"line":68,"column":23}},"loc":{"start":{"line":68,"column":32},"end":{"line":70,"column":3}},"line":68},"5":{"name":"(anonymous_5)","decl":{"start":{"line":72,"column":24},"end":{"line":72,"column":25}},"loc":{"start":{"line":72,"column":30},"end":{"line":91,"column":3}},"line":72},"6":{"name":"(anonymous_6)","decl":{"start":{"line":85,"column":26},"end":{"line":85,"column":27}},"loc":{"start":{"line":85,"column":36},"end":{"line":85,"column":66}},"line":85},"7":{"name":"(anonymous_7)","decl":{"start":{"line":93,"column":21},"end":{"line":93,"column":22}},"loc":{"start":{"line":93,"column":27},"end":{"line":104,"column":3}},"line":93},"8":{"name":"(anonymous_8)","decl":{"start":{"line":106,"column":17},"end":{"line":106,"column":18}},"loc":{"start":{"line":106,"column":25},"end":{"line":109,"column":3}},"line":106},"9":{"name":"(anonymous_9)","decl":{"start":{"line":111,"column":16},"end":{"line":111,"column":17}},"loc":{"start":{"line":111,"column":22},"end":{"line":122,"column":3}},"line":111},"10":{"name":"(anonymous_10)","decl":{"start":{"line":114,"column":20},"end":{"line":114,"column":21}},"loc":{"start":{"line":114,"column":33},"end":{"line":120,"column":7}},"line":114},"11":{"name":"(anonymous_11)","decl":{"start":{"line":124,"column":16},"end":{"line":124,"column":17}},"loc":{"start":{"line":124,"column":22},"end":{"line":135,"column":3}},"line":124},"12":{"name":"(anonymous_12)","decl":{"start":{"line":127,"column":20},"end":{"line":127,"column":21}},"loc":{"start":{"line":127,"column":33},"end":{"line":133,"column":7}},"line":127},"13":{"name":"(anonymous_13)","decl":{"start":{"line":137,"column":26},"end":{"line":137,"column":27}},"loc":{"start":{"line":137,"column":49},"end":{"line":151,"column":3}},"line":137},"14":{"name":"(anonymous_14)","decl":{"start":{"line":139,"column":20},"end":{"line":139,"column":21}},"loc":{"start":{"line":139,"column":33},"end":{"line":149,"column":7}},"line":139},"15":{"name":"(anonymous_15)","decl":{"start":{"line":141,"column":50},"end":{"line":141,"column":51}},"loc":{"start":{"line":141,"column":67},"end":{"line":144,"column":9}},"line":141},"16":{"name":"(anonymous_16)","decl":{"start":{"line":153,"column":21},"end":{"line":153,"column":22}},"loc":{"start":{"line":153,"column":33},"end":{"line":163,"column":3}},"line":153},"17":{"name":"(anonymous_17)","decl":{"start":{"line":165,"column":21},"end":{"line":165,"column":22}},"loc":{"start":{"line":165,"column":27},"end":{"line":167,"column":3}},"line":165},"18":{"name":"(anonymous_18)","decl":{"start":{"line":169,"column":11},"end":{"line":169,"column":12}},"loc":{"start":{"line":169,"column":17},"end":{"line":190,"column":3}},"line":169},"19":{"name":"(anonymous_19)","decl":{"start":{"line":171,"column":33},"end":{"line":171,"column":34}},"loc":{"start":{"line":171,"column":45},"end":{"line":180,"column":5}},"line":171},"20":{"name":"(anonymous_20)","decl":{"start":{"line":183,"column":12},"end":{"line":183,"column":13}},"loc":{"start":{"line":183,"column":18},"end":{"line":185,"column":7}},"line":183},"21":{"name":"(anonymous_21)","decl":{"start":{"line":186,"column":13},"end":{"line":186,"column":14}},"loc":{"start":{"line":186,"column":22},"end":{"line":189,"column":7}},"line":186},"22":{"name":"(anonymous_22)","decl":{"start":{"line":192,"column":2},"end":{"line":192,"column":3}},"loc":{"start":{"line":192,"column":11},"end":{"line":263,"column":3}},"line":192},"23":{"name":"(anonymous_23)","decl":{"start":{"line":228,"column":23},"end":{"line":228,"column":24}},"loc":{"start":{"line":228,"column":29},"end":{"line":230,"column":15}},"line":228},"24":{"name":"(anonymous_24)","decl":{"start":{"line":242,"column":25},"end":{"line":242,"column":26}},"loc":{"start":{"line":242,"column":31},"end":{"line":244,"column":17}},"line":242},"25":{"name":"(anonymous_25)","decl":{"start":{"line":254,"column":23},"end":{"line":254,"column":24}},"loc":{"start":{"line":254,"column":29},"end":{"line":256,"column":15}},"line":254},"26":{"name":"(anonymous_26)","decl":{"start":{"line":390,"column":24},"end":{"line":390,"column":25}},"loc":{"start":{"line":390,"column":33},"end":{"line":395,"column":1}},"line":390}},"branchMap":{"0":{"loc":{"start":{"line":46,"column":4},"end":{"line":46,"column":80}},"type":"if","locations":[{"start":{"line":46,"column":4},"end":{"line":46,"column":80}},{"start":{"line":46,"column":4},"end":{"line":46,"column":80}}],"line":46},"1":{"loc":{"start":{"line":52,"column":4},"end":{"line":57,"column":5}},"type":"if","locations":[{"start":{"line":52,"column":4},"end":{"line":57,"column":5}},{"start":{"line":52,"column":4},"end":{"line":57,"column":5}}],"line":52},"2":{"loc":{"start":{"line":61,"column":9},"end":{"line":63,"column":16}},"type":"cond-expr","locations":[{"start":{"line":62,"column":10},"end":{"line":62,"column":89}},{"start":{"line":63,"column":12},"end":{"line":63,"column":16}}],"line":61},"3":{"loc":{"start":{"line":77,"column":9},"end":{"line":88,"column":16}},"type":"cond-expr","locations":[{"start":{"line":78,"column":10},"end":{"line":87,"column":12}},{"start":{"line":88,"column":12},"end":{"line":88,"column":16}}],"line":77},"4":{"loc":{"start":{"line":94,"column":4},"end":{"line":103,"column":21}},"type":"if","locations":[{"start":{"line":94,"column":4},"end":{"line":103,"column":21}},{"start":{"line":94,"column":4},"end":{"line":103,"column":21}}],"line":94},"5":{"loc":{"start":{"line":94,"column":8},"end":{"line":94,"column":52}},"type":"binary-expr","locations":[{"start":{"line":94,"column":8},"end":{"line":94,"column":25}},{"start":{"line":94,"column":29},"end":{"line":94,"column":52}}],"line":94},"6":{"loc":{"start":{"line":112,"column":4},"end":{"line":121,"column":5}},"type":"if","locations":[{"start":{"line":112,"column":4},"end":{"line":121,"column":5}},{"start":{"line":112,"column":4},"end":{"line":121,"column":5}}],"line":112},"7":{"loc":{"start":{"line":118,"column":8},"end":{"line":118,"column":67}},"type":"if","locations":[{"start":{"line":118,"column":8},"end":{"line":118,"column":67}},{"start":{"line":118,"column":8},"end":{"line":118,"column":67}}],"line":118},"8":{"loc":{"start":{"line":125,"column":4},"end":{"line":134,"column":5}},"type":"if","locations":[{"start":{"line":125,"column":4},"end":{"line":134,"column":5}},{"start":{"line":125,"column":4},"end":{"line":134,"column":5}}],"line":125},"9":{"loc":{"start":{"line":131,"column":8},"end":{"line":131,"column":42}},"type":"if","locations":[{"start":{"line":131,"column":8},"end":{"line":131,"column":42}},{"start":{"line":131,"column":8},"end":{"line":131,"column":42}}],"line":131},"10":{"loc":{"start":{"line":138,"column":4},"end":{"line":150,"column":5}},"type":"if","locations":[{"start":{"line":138,"column":4},"end":{"line":150,"column":5}},{"start":{"line":138,"column":4},"end":{"line":150,"column":5}}],"line":138},"11":{"loc":{"start":{"line":142,"column":10},"end":{"line":142,"column":65}},"type":"if","locations":[{"start":{"line":142,"column":10},"end":{"line":142,"column":65}},{"start":{"line":142,"column":10},"end":{"line":142,"column":65}}],"line":142},"12":{"loc":{"start":{"line":154,"column":4},"end":{"line":162,"column":5}},"type":"if","locations":[{"start":{"line":154,"column":4},"end":{"line":162,"column":5}},{"start":{"line":154,"column":4},"end":{"line":162,"column":5}}],"line":154},"13":{"loc":{"start":{"line":155,"column":6},"end":{"line":156,"column":54}},"type":"binary-expr","locations":[{"start":{"line":155,"column":6},"end":{"line":155,"column":44}},{"start":{"line":156,"column":6},"end":{"line":156,"column":54}}],"line":155},"14":{"loc":{"start":{"line":197,"column":11},"end":{"line":222,"column":11}},"type":"cond-expr","locations":[{"start":{"line":198,"column":12},"end":{"line":217,"column":19}},{"start":{"line":219,"column":12},"end":{"line":221,"column":19}}],"line":197},"15":{"loc":{"start":{"line":200,"column":15},"end":{"line":204,"column":15}},"type":"cond-expr","locations":[{"start":{"line":201,"column":16},"end":{"line":201,"column":42}},{"start":{"line":203,"column":16},"end":{"line":203,"column":62}}],"line":200},"16":{"loc":{"start":{"line":206,"column":17},"end":{"line":215,"column":24}},"type":"cond-expr","locations":[{"start":{"line":207,"column":20},"end":{"line":214,"column":21}},{"start":{"line":215,"column":20},"end":{"line":215,"column":24}}],"line":206},"17":{"loc":{"start":{"line":225,"column":11},"end":{"line":250,"column":11}},"type":"cond-expr","locations":[{"start":{"line":226,"column":12},"end":{"line":232,"column":31}},{"start":{"line":234,"column":12},"end":{"line":249,"column":13}}],"line":225},"18":{"loc":{"start":{"line":225,"column":11},"end":{"line":225,"column":51}},"type":"binary-expr","locations":[{"start":{"line":225,"column":11},"end":{"line":225,"column":28}},{"start":{"line":225,"column":32},"end":{"line":225,"column":51}}],"line":225},"19":{"loc":{"start":{"line":231,"column":46},"end":{"line":231,"column":85}},"type":"cond-expr","locations":[{"start":{"line":231,"column":67},"end":{"line":231,"column":75}},{"start":{"line":231,"column":78},"end":{"line":231,"column":85}}],"line":231},"20":{"loc":{"start":{"line":236,"column":49},"end":{"line":236,"column":75}},"type":"cond-expr","locations":[{"start":{"line":236,"column":70},"end":{"line":236,"column":71}},{"start":{"line":236,"column":74},"end":{"line":236,"column":75}}],"line":236},"21":{"loc":{"start":{"line":237,"column":17},"end":{"line":237,"column":79}},"type":"cond-expr","locations":[{"start":{"line":237,"column":37},"end":{"line":237,"column":72}},{"start":{"line":237,"column":75},"end":{"line":237,"column":79}}],"line":237},"22":{"loc":{"start":{"line":251,"column":11},"end":{"line":259,"column":18}},"type":"cond-expr","locations":[{"start":{"line":252,"column":12},"end":{"line":258,"column":31}},{"start":{"line":259,"column":14},"end":{"line":259,"column":18}}],"line":251}},"s":{"0":0,"1":0,"2":0,"3":0,"4":0,"5":0,"6":0,"7":0,"8":0,"9":0,"10":0,"11":0,"12":0,"13":0,"14":0,"15":0,"16":0,"17":0,"18":0,"19":0,"20":0,"21":0,"22":0,"23":0,"24":0,"25":0,"26":0,"27":0,"28":0,"29":0,"30":0,"31":0,"32":0,"33":0,"34":0,"35":0,"36":0,"37":0,"38":0,"39":0,"40":0,"41":0,"42":0,"43":0,"44":0,"45":0,"46":0,"47":0,"48":0,"49":0,"50":0,"51":0,"52":0,"53":0,"54":0,"55":0,"56":0,"57":0,"58":0,"59":0,"60":0,"61":0,"62":0,"63":0,"64":0,"65":0,"66":0,"67":0,"68":0,"69":0,"70":1,"71":1,"72":0},"f":{"0":0,"1":0,"2":0,"3":0,"4":0,"5":0,"6":0,"7":0,"8":0,"9":0,"10":0,"11":0,"12":0,"13":0,"14":0,"15":0,"16":0,"17":0,"18":0,"19":0,"20":0,"21":0,"22":0,"23":0,"24":0,"25":0,"26":0},"b":{"0":[0,0],"1":[0,0],"2":[0,0],"3":[0,0],"4":[0,0],"5":[0,0],"6":[0,0],"7":[0,0],"8":[0,0],"9":[0,0],"10":[0,0],"11":[0,0],"12":[0,0],"13":[0,0],"14":[0,0],"15":[0,0],"16":[0,0],"17":[0,0],"18":[0,0],"19":[0,0],"20":[0,0],"21":[0,0],"22":[0,0]},"_coverageSchema":"332fd63041d2c1bcb487cc26dd0d5f7d97098a6c","hash":"dd5ec3ffa2c34679006e87e88315382f46c54dde"}
,"/Users/faustinocortina/cs52/project-boost-mobile/screens/VerifyAuth.js": {"path":"/Users/faustinocortina/cs52/project-boost-mobile/screens/VerifyAuth.js","statementMap":{"0":{"start":{"line":18,"column":21},"end":{"line":18,"column":23}},"1":{"start":{"line":21,"column":4},"end":{"line":33,"column":6}},"2":{"start":{"line":23,"column":8},"end":{"line":31,"column":13}},"3":{"start":{"line":26,"column":12},"end":{"line":26,"column":45}},"4":{"start":{"line":27,"column":12},"end":{"line":27,"column":30}},"5":{"start":{"line":30,"column":12},"end":{"line":30,"column":39}},"6":{"start":{"line":36,"column":4},"end":{"line":48,"column":6}},"7":{"start":{"line":38,"column":8},"end":{"line":46,"column":13}},"8":{"start":{"line":41,"column":12},"end":{"line":41,"column":61}},"9":{"start":{"line":42,"column":12},"end":{"line":42,"column":37}},"10":{"start":{"line":45,"column":12},"end":{"line":45,"column":39}},"11":{"start":{"line":50,"column":4},"end":{"line":63,"column":6}},"12":{"start":{"line":52,"column":8},"end":{"line":61,"column":13}},"13":{"start":{"line":55,"column":12},"end":{"line":55,"column":49}},"14":{"start":{"line":57,"column":12},"end":{"line":57,"column":30}},"15":{"start":{"line":60,"column":12},"end":{"line":60,"column":39}},"16":{"start":{"line":66,"column":4},"end":{"line":77,"column":9}},"17":{"start":{"line":69,"column":8},"end":{"line":73,"column":9}},"18":{"start":{"line":70,"column":10},"end":{"line":70,"column":63}},"19":{"start":{"line":72,"column":10},"end":{"line":72,"column":48}},"20":{"start":{"line":76,"column":8},"end":{"line":76,"column":35}},"21":{"start":{"line":82,"column":4},"end":{"line":87,"column":6}},"22":{"start":{"line":91,"column":4},"end":{"line":101,"column":6}},"23":{"start":{"line":105,"column":15},"end":{"line":130,"column":2}},"24":{"start":{"line":132,"column":24},"end":{"line":136,"column":1}},"25":{"start":{"line":133,"column":2},"end":{"line":135,"column":4}},"26":{"start":{"line":138,"column":27},"end":{"line":152,"column":1}},"27":{"start":{"line":139,"column":2},"end":{"line":151,"column":4}},"28":{"start":{"line":141,"column":6},"end":{"line":141,"column":36}},"29":{"start":{"line":144,"column":6},"end":{"line":144,"column":45}},"30":{"start":{"line":147,"column":6},"end":{"line":150,"column":8}},"31":{"start":{"line":148,"column":8},"end":{"line":148,"column":42}},"32":{"start":{"line":149,"column":8},"end":{"line":149,"column":18}}},"fnMap":{"0":{"name":"(anonymous_0)","decl":{"start":{"line":16,"column":2},"end":{"line":16,"column":3}},"loc":{"start":{"line":16,"column":22},"end":{"line":78,"column":3}},"line":16},"1":{"name":"(anonymous_1)","decl":{"start":{"line":22,"column":18},"end":{"line":22,"column":19}},"loc":{"start":{"line":22,"column":39},"end":{"line":32,"column":7}},"line":22},"2":{"name":"(anonymous_2)","decl":{"start":{"line":25,"column":16},"end":{"line":25,"column":17}},"loc":{"start":{"line":25,"column":28},"end":{"line":28,"column":11}},"line":25},"3":{"name":"(anonymous_3)","decl":{"start":{"line":29,"column":17},"end":{"line":29,"column":18}},"loc":{"start":{"line":29,"column":26},"end":{"line":31,"column":11}},"line":29},"4":{"name":"(anonymous_4)","decl":{"start":{"line":37,"column":18},"end":{"line":37,"column":19}},"loc":{"start":{"line":37,"column":39},"end":{"line":47,"column":7}},"line":37},"5":{"name":"(anonymous_5)","decl":{"start":{"line":40,"column":16},"end":{"line":40,"column":17}},"loc":{"start":{"line":40,"column":28},"end":{"line":43,"column":11}},"line":40},"6":{"name":"(anonymous_6)","decl":{"start":{"line":44,"column":17},"end":{"line":44,"column":18}},"loc":{"start":{"line":44,"column":26},"end":{"line":46,"column":11}},"line":44},"7":{"name":"(anonymous_7)","decl":{"start":{"line":51,"column":18},"end":{"line":51,"column":19}},"loc":{"start":{"line":51,"column":39},"end":{"line":62,"column":7}},"line":51},"8":{"name":"(anonymous_8)","decl":{"start":{"line":54,"column":16},"end":{"line":54,"column":17}},"loc":{"start":{"line":54,"column":28},"end":{"line":58,"column":11}},"line":54},"9":{"name":"(anonymous_9)","decl":{"start":{"line":59,"column":17},"end":{"line":59,"column":18}},"loc":{"start":{"line":59,"column":26},"end":{"line":61,"column":11}},"line":59},"10":{"name":"(anonymous_10)","decl":{"start":{"line":67,"column":12},"end":{"line":67,"column":13}},"loc":{"start":{"line":67,"column":22},"end":{"line":74,"column":7}},"line":67},"11":{"name":"(anonymous_11)","decl":{"start":{"line":75,"column":13},"end":{"line":75,"column":14}},"loc":{"start":{"line":75,"column":22},"end":{"line":77,"column":7}},"line":75},"12":{"name":"(anonymous_12)","decl":{"start":{"line":81,"column":31},"end":{"line":81,"column":32}},"loc":{"start":{"line":81,"column":43},"end":{"line":88,"column":3}},"line":81},"13":{"name":"(anonymous_13)","decl":{"start":{"line":90,"column":2},"end":{"line":90,"column":3}},"loc":{"start":{"line":90,"column":11},"end":{"line":102,"column":3}},"line":90},"14":{"name":"(anonymous_14)","decl":{"start":{"line":132,"column":24},"end":{"line":132,"column":25}},"loc":{"start":{"line":132,"column":33},"end":{"line":136,"column":1}},"line":132},"15":{"name":"(anonymous_15)","decl":{"start":{"line":138,"column":27},"end":{"line":138,"column":28}},"loc":{"start":{"line":138,"column":39},"end":{"line":152,"column":1}},"line":138},"16":{"name":"(anonymous_16)","decl":{"start":{"line":140,"column":17},"end":{"line":140,"column":18}},"loc":{"start":{"line":140,"column":27},"end":{"line":142,"column":5}},"line":140},"17":{"name":"(anonymous_17)","decl":{"start":{"line":143,"column":26},"end":{"line":143,"column":27}},"loc":{"start":{"line":143,"column":36},"end":{"line":145,"column":5}},"line":143},"18":{"name":"(anonymous_18)","decl":{"start":{"line":146,"column":21},"end":{"line":146,"column":22}},"loc":{"start":{"line":147,"column":6},"end":{"line":150,"column":8}},"line":147},"19":{"name":"(anonymous_19)","decl":{"start":{"line":147,"column":18},"end":{"line":147,"column":19}},"loc":{"start":{"line":147,"column":39},"end":{"line":150,"column":7}},"line":147}},"branchMap":{"0":{"loc":{"start":{"line":69,"column":8},"end":{"line":73,"column":9}},"type":"if","locations":[{"start":{"line":69,"column":8},"end":{"line":73,"column":9}},{"start":{"line":69,"column":8},"end":{"line":73,"column":9}}],"line":69},"1":{"loc":{"start":{"line":83,"column":6},"end":{"line":86,"column":40}},"type":"binary-expr","locations":[{"start":{"line":83,"column":6},"end":{"line":83,"column":53}},{"start":{"line":84,"column":6},"end":{"line":84,"column":36}},{"start":{"line":85,"column":6},"end":{"line":85,"column":41}},{"start":{"line":86,"column":6},"end":{"line":86,"column":40}}],"line":83}},"s":{"0":0,"1":0,"2":0,"3":0,"4":0,"5":0,"6":0,"7":0,"8":0,"9":0,"10":0,"11":0,"12":0,"13":0,"14":0,"15":0,"16":0,"17":0,"18":0,"19":0,"20":0,"21":0,"22":0,"23":1,"24":1,"25":0,"26":1,"27":0,"28":0,"29":0,"30":0,"31":0,"32":0},"f":{"0":0,"1":0,"2":0,"3":0,"4":0,"5":0,"6":0,"7":0,"8":0,"9":0,"10":0,"11":0,"12":0,"13":0,"14":0,"15":0,"16":0,"17":0,"18":0,"19":0},"b":{"0":[0,0],"1":[0,0,0,0]},"_coverageSchema":"332fd63041d2c1bcb487cc26dd0d5f7d97098a6c","hash":"5165930331893deadb7401c675fa9e1cea2376b8"}
,"/Users/faustinocortina/cs52/project-boost-mobile/state/create_store.js": {"path":"/Users/faustinocortina/cs52/project-boost-mobile/state/create_store.js","statementMap":{"0":{"start":{"line":6,"column":14},"end":{"line":6,"column":59}}},"fnMap":{},"branchMap":{},"s":{"0":1},"f":{},"b":{},"_coverageSchema":"332fd63041d2c1bcb487cc26dd0d5f7d97098a6c","hash":"8c71e0bb4662148a4a3e49ae046ed4b0762f2e3e"}
,"/Users/faustinocortina/cs52/project-boost-mobile/state/actions/index.js": {"path":"/Users/faustinocortina/cs52/project-boost-mobile/state/actions/index.js","statementMap":{"0":{"start":{"line":1,"column":18},"end":{"line":6,"column":1}},"1":{"start":{"line":2,"column":2},"end":{"line":5,"column":4}},"2":{"start":{"line":8,"column":20},"end":{"line":13,"column":1}},"3":{"start":{"line":9,"column":2},"end":{"line":12,"column":4}},"4":{"start":{"line":15,"column":29},"end":{"line":20,"column":1}},"5":{"start":{"line":16,"column":2},"end":{"line":19,"column":4}},"6":{"start":{"line":22,"column":24},"end":{"line":27,"column":1}},"7":{"start":{"line":23,"column":2},"end":{"line":26,"column":4}}},"fnMap":{"0":{"name":"(anonymous_0)","decl":{"start":{"line":1,"column":18},"end":{"line":1,"column":19}},"loc":{"start":{"line":1,"column":25},"end":{"line":6,"column":1}},"line":1},"1":{"name":"(anonymous_1)","decl":{"start":{"line":8,"column":20},"end":{"line":8,"column":21}},"loc":{"start":{"line":8,"column":32},"end":{"line":13,"column":1}},"line":8},"2":{"name":"(anonymous_2)","decl":{"start":{"line":15,"column":29},"end":{"line":15,"column":30}},"loc":{"start":{"line":15,"column":50},"end":{"line":20,"column":1}},"line":15},"3":{"name":"(anonymous_3)","decl":{"start":{"line":22,"column":24},"end":{"line":22,"column":25}},"loc":{"start":{"line":22,"column":40},"end":{"line":27,"column":1}},"line":22}},"branchMap":{},"s":{"0":1,"1":0,"2":1,"3":0,"4":1,"5":0,"6":1,"7":0},"f":{"0":0,"1":0,"2":0,"3":0},"b":{},"_coverageSchema":"332fd63041d2c1bcb487cc26dd0d5f7d97098a6c","hash":"aa29339380a5bacdd4aa1d1b5598bfb065b00296"}
,"/Users/faustinocortina/cs52/project-boost-mobile/state/reducers/index.js": {"path":"/Users/faustinocortina/cs52/project-boost-mobile/state/reducers/index.js","statementMap":{"0":{"start":{"line":5,"column":20},"end":{"line":7,"column":2}}},"fnMap":{},"branchMap":{},"s":{"0":1},"f":{},"b":{},"_coverageSchema":"332fd63041d2c1bcb487cc26dd0d5f7d97098a6c","hash":"cb8cdea453369cf6537f81e046b78e751bc8dde9"}
,"/Users/faustinocortina/cs52/project-boost-mobile/state/reducers/user_info_reducer.js": {"path":"/Users/faustinocortina/cs52/project-boost-mobile/state/reducers/user_info_reducer.js","statementMap":{"0":{"start":{"line":1,"column":21},"end":{"line":6,"column":1}},"1":{"start":{"line":8,"column":24},"end":{"line":25,"column":1}},"2":{"start":{"line":9,"column":2},"end":{"line":24,"column":3}},"3":{"start":{"line":11,"column":6},"end":{"line":11,"column":45}},"4":{"start":{"line":14,"column":6},"end":{"line":14,"column":50}},"5":{"start":{"line":17,"column":6},"end":{"line":17,"column":59}},"6":{"start":{"line":20,"column":6},"end":{"line":20,"column":54}},"7":{"start":{"line":23,"column":6},"end":{"line":23,"column":19}}},"fnMap":{"0":{"name":"(anonymous_0)","decl":{"start":{"line":8,"column":24},"end":{"line":8,"column":25}},"loc":{"start":{"line":8,"column":58},"end":{"line":25,"column":1}},"line":8}},"branchMap":{"0":{"loc":{"start":{"line":8,"column":25},"end":{"line":8,"column":45}},"type":"default-arg","locations":[{"start":{"line":8,"column":33},"end":{"line":8,"column":45}}],"line":8},"1":{"loc":{"start":{"line":9,"column":2},"end":{"line":24,"column":3}},"type":"switch","locations":[{"start":{"line":10,"column":4},"end":{"line":11,"column":45}},{"start":{"line":13,"column":4},"end":{"line":14,"column":50}},{"start":{"line":16,"column":4},"end":{"line":17,"column":59}},{"start":{"line":19,"column":4},"end":{"line":20,"column":54}},{"start":{"line":22,"column":4},"end":{"line":23,"column":19}}],"line":9}},"s":{"0":1,"1":1,"2":3,"3":0,"4":0,"5":0,"6":0,"7":3},"f":{"0":3},"b":{"0":[3],"1":[0,0,0,0,3]},"_coverageSchema":"332fd63041d2c1bcb487cc26dd0d5f7d97098a6c","hash":"ee47fdbaa2dbf9b4ebba267edaf18dda51aec376"}
}
