TN:
SF:/Users/faustinocortina/cs52/project-boost-mobile/App.js
FN:30,(anonymous_0)
FN:47,(anonymous_1)
FN:53,(anonymous_2)
FN:57,(anonymous_3)
FN:92,(anonymous_4)
FN:116,(anonymous_5)
FN:129,(anonymous_6)
FNF:7
FNH:5
FNDA:2,(anonymous_0)
FNDA:0,(anonymous_1)
FNDA:1,(anonymous_2)
FNDA:1,(anonymous_3)
FNDA:5,(anonymous_4)
FNDA:2,(anonymous_5)
FNDA:0,(anonymous_6)
DA:18,1
DA:27,1
DA:31,2
DA:33,2
DA:40,2
DA:41,1
DA:44,2
DA:50,0
DA:54,1
DA:58,1
DA:93,5
DA:97,2
DA:105,3
DA:117,2
DA:118,0
DA:123,2
DA:124,0
DA:130,0
DA:136,2
DA:145,1
LF:20
LH:16
BRDA:40,0,0,1
BRDA:40,0,1,1
BRDA:93,1,0,2
BRDA:93,1,1,3
BRDA:94,2,0,5
BRDA:94,2,1,1
BRDA:94,2,2,4
BRDA:108,3,0,3
BRDA:108,3,1,3
BRDA:117,4,0,0
BRDA:117,4,1,2
BRDA:123,5,0,0
BRDA:123,5,1,2
BRF:13
BRH:11
end_of_record
TN:
SF:/Users/faustinocortina/cs52/project-boost-mobile/assets/background-images/home-bottom.png
FNF:0
FNH:0
DA:1,1
LF:1
LH:1
BRF:0
BRH:0
end_of_record
TN:
SF:/Users/faustinocortina/cs52/project-boost-mobile/assets/fonts/SpaceMono-Regular.ttf
FNF:0
FNH:0
DA:1,1
LF:1
LH:1
BRF:0
BRH:0
end_of_record
TN:
SF:/Users/faustinocortina/cs52/project-boost-mobile/assets/fonts/raleway/Raleway-Black.ttf
FNF:0
FNH:0
DA:1,1
LF:1
LH:1
BRF:0
BRH:0
end_of_record
TN:
SF:/Users/faustinocortina/cs52/project-boost-mobile/assets/fonts/raleway/Raleway-BlackItalic.ttf
FNF:0
FNH:0
DA:1,1
LF:1
LH:1
BRF:0
BRH:0
end_of_record
TN:
SF:/Users/faustinocortina/cs52/project-boost-mobile/assets/fonts/raleway/Raleway-Bold.ttf
FNF:0
FNH:0
DA:1,1
LF:1
LH:1
BRF:0
BRH:0
end_of_record
TN:
SF:/Users/faustinocortina/cs52/project-boost-mobile/assets/fonts/raleway/Raleway-BoldItalic.ttf
FNF:0
FNH:0
DA:1,1
LF:1
LH:1
BRF:0
BRH:0
end_of_record
TN:
SF:/Users/faustinocortina/cs52/project-boost-mobile/assets/fonts/raleway/Raleway-ExtraBold.ttf
FNF:0
FNH:0
DA:1,1
LF:1
LH:1
BRF:0
BRH:0
end_of_record
TN:
SF:/Users/faustinocortina/cs52/project-boost-mobile/assets/fonts/raleway/Raleway-ExtraBoldItalic.ttf
FNF:0
FNH:0
DA:1,1
LF:1
LH:1
BRF:0
BRH:0
end_of_record
TN:
SF:/Users/faustinocortina/cs52/project-boost-mobile/assets/fonts/raleway/Raleway-ExtraLight.ttf
FNF:0
FNH:0
DA:1,1
LF:1
LH:1
BRF:0
BRH:0
end_of_record
TN:
SF:/Users/faustinocortina/cs52/project-boost-mobile/assets/fonts/raleway/Raleway-ExtraLightItalic.ttf
FNF:0
FNH:0
DA:1,1
LF:1
LH:1
BRF:0
BRH:0
end_of_record
TN:
SF:/Users/faustinocortina/cs52/project-boost-mobile/assets/fonts/raleway/Raleway-Italic.ttf
FNF:0
FNH:0
DA:1,1
LF:1
LH:1
BRF:0
BRH:0
end_of_record
TN:
SF:/Users/faustinocortina/cs52/project-boost-mobile/assets/fonts/raleway/Raleway-Light.ttf
FNF:0
FNH:0
DA:1,1
LF:1
LH:1
BRF:0
BRH:0
end_of_record
TN:
SF:/Users/faustinocortina/cs52/project-boost-mobile/assets/fonts/raleway/Raleway-LightItalic.ttf
FNF:0
FNH:0
DA:1,1
LF:1
LH:1
BRF:0
BRH:0
end_of_record
TN:
SF:/Users/faustinocortina/cs52/project-boost-mobile/assets/fonts/raleway/Raleway-Medium.ttf
FNF:0
FNH:0
DA:1,1
LF:1
LH:1
BRF:0
BRH:0
end_of_record
TN:
SF:/Users/faustinocortina/cs52/project-boost-mobile/assets/fonts/raleway/Raleway-MediumItalic.ttf
FNF:0
FNH:0
DA:1,1
LF:1
LH:1
BRF:0
BRH:0
end_of_record
TN:
SF:/Users/faustinocortina/cs52/project-boost-mobile/assets/fonts/raleway/Raleway-Regular.ttf
FNF:0
FNH:0
DA:1,1
LF:1
LH:1
BRF:0
BRH:0
end_of_record
TN:
SF:/Users/faustinocortina/cs52/project-boost-mobile/assets/fonts/raleway/Raleway-SemiBold.ttf
FNF:0
FNH:0
DA:1,1
LF:1
LH:1
BRF:0
BRH:0
end_of_record
TN:
SF:/Users/faustinocortina/cs52/project-boost-mobile/assets/fonts/raleway/Raleway-SemiBoldItalic.ttf
FNF:0
FNH:0
DA:1,1
LF:1
LH:1
BRF:0
BRH:0
end_of_record
TN:
SF:/Users/faustinocortina/cs52/project-boost-mobile/assets/fonts/raleway/Raleway-Thin.ttf
FNF:0
FNH:0
DA:1,1
LF:1
LH:1
BRF:0
BRH:0
end_of_record
TN:
SF:/Users/faustinocortina/cs52/project-boost-mobile/assets/fonts/raleway/Raleway-ThinItalic.ttf
FNF:0
FNH:0
DA:1,1
LF:1
LH:1
BRF:0
BRH:0
end_of_record
TN:
SF:/Users/faustinocortina/cs52/project-boost-mobile/assets/gifs/loading-white.gif
FNF:0
FNH:0
DA:1,1
LF:1
LH:1
BRF:0
BRH:0
end_of_record
TN:
SF:/Users/faustinocortina/cs52/project-boost-mobile/assets/gifs/loading.gif
FNF:0
FNH:0
DA:1,1
LF:1
LH:1
BRF:0
BRH:0
end_of_record
TN:
SF:/Users/faustinocortina/cs52/project-boost-mobile/assets/images/google-signin.png
FNF:0
FNH:0
DA:1,1
LF:1
LH:1
BRF:0
BRH:0
end_of_record
TN:
SF:/Users/faustinocortina/cs52/project-boost-mobile/assets/images/shopping-woman.png
FNF:0
FNH:0
DA:1,1
LF:1
LH:1
BRF:0
BRH:0
end_of_record
TN:
SF:/Users/faustinocortina/cs52/project-boost-mobile/components/AddressSearch.js
FN:4,(anonymous_0)
FN:15,(anonymous_1)
FN:16,(anonymous_2)
FN:20,(anonymous_3)
FNF:4
FNH:0
FNDA:0,(anonymous_0)
FNDA:0,(anonymous_1)
FNDA:0,(anonymous_2)
FNDA:0,(anonymous_3)
DA:4,1
DA:5,0
DA:15,0
DA:18,0
DA:20,0
LF:5
LH:1
BRDA:16,0,0,0
BRF:1
BRH:0
end_of_record
TN:
SF:/Users/faustinocortina/cs52/project-boost-mobile/components/NavBar.js
FN:10,(anonymous_0)
FN:14,(anonymous_1)
FN:15,(anonymous_2)
FN:20,(anonymous_3)
FNF:4
FNH:0
FNDA:0,(anonymous_0)
FNDA:0,(anonymous_1)
FNDA:0,(anonymous_2)
FNDA:0,(anonymous_3)
DA:11,0
DA:16,0
DA:21,0
DA:32,1
LF:4
LH:1
BRDA:22,0,0,0
BRDA:22,0,1,0
BRF:2
BRH:0
end_of_record
TN:
SF:/Users/faustinocortina/cs52/project-boost-mobile/components/StyledText.js
FN:5,(anonymous_0)
FNF:1
FNH:1
FNDA:1,(anonymous_0)
DA:6,1
LF:1
LH:1
BRF:0
BRH:0
end_of_record
TN:
SF:/Users/faustinocortina/cs52/project-boost-mobile/components/TabBarIcon.js
FN:7,(anonymous_0)
FNF:1
FNH:0
FNDA:0,(anonymous_0)
DA:8,0
LF:1
LH:0
BRDA:13,0,0,0
BRDA:13,0,1,0
BRF:2
BRH:0
end_of_record
TN:
SF:/Users/faustinocortina/cs52/project-boost-mobile/constants/Colors.js
FNF:0
FNH:0
DA:1,1
LF:1
LH:1
BRF:0
BRH:0
end_of_record
TN:
SF:/Users/faustinocortina/cs52/project-boost-mobile/datastore/api_requests.js
FN:5,(anonymous_0)
FN:6,(anonymous_1)
FN:9,(anonymous_2)
FN:12,(anonymous_3)
FN:18,(anonymous_4)
FN:19,(anonymous_5)
FN:24,(anonymous_6)
FN:27,(anonymous_7)
FN:33,(anonymous_8)
FN:39,(anonymous_9)
FN:50,(anonymous_10)
FN:53,(anonymous_11)
FN:59,(anonymous_12)
FN:60,(anonymous_13)
FN:65,(anonymous_14)
FN:68,(anonymous_15)
FN:74,(anonymous_16)
FN:75,(anonymous_17)
FN:81,(anonymous_18)
FN:84,(anonymous_19)
FNF:20
FNH:0
FNDA:0,(anonymous_0)
FNDA:0,(anonymous_1)
FNDA:0,(anonymous_2)
FNDA:0,(anonymous_3)
FNDA:0,(anonymous_4)
FNDA:0,(anonymous_5)
FNDA:0,(anonymous_6)
FNDA:0,(anonymous_7)
FNDA:0,(anonymous_8)
FNDA:0,(anonymous_9)
FNDA:0,(anonymous_10)
FNDA:0,(anonymous_11)
FNDA:0,(anonymous_12)
FNDA:0,(anonymous_13)
FNDA:0,(anonymous_14)
FNDA:0,(anonymous_15)
FNDA:0,(anonymous_16)
FNDA:0,(anonymous_17)
FNDA:0,(anonymous_18)
FNDA:0,(anonymous_19)
DA:3,1
DA:5,1
DA:6,0
DA:7,0
DA:10,0
DA:13,0
DA:18,1
DA:19,0
DA:20,0
DA:25,0
DA:28,0
DA:33,1
DA:39,0
DA:40,0
DA:51,0
DA:54,0
DA:59,1
DA:60,0
DA:61,0
DA:66,0
DA:69,0
DA:74,1
DA:75,0
DA:76,0
DA:82,0
DA:85,0
LF:26
LH:6
BRDA:45,0,0,0
BRDA:45,0,1,0
BRF:2
BRH:0
end_of_record
TN:
SF:/Users/faustinocortina/cs52/project-boost-mobile/navigation/AppNavigator.js
FNF:0
FNH:0
DA:9,1
DA:13,1
DA:17,1
LF:3
LH:3
BRF:0
BRH:0
end_of_record
TN:
SF:/Users/faustinocortina/cs52/project-boost-mobile/navigation/MainTabNavigator.js
FN:16,(anonymous_0)
FN:25,(anonymous_1)
FN:34,(anonymous_2)
FNF:3
FNH:0
FNDA:0,(anonymous_0)
FNDA:0,(anonymous_1)
FNDA:0,(anonymous_2)
DA:10,1
DA:14,1
DA:16,0
DA:19,1
DA:23,1
DA:25,0
DA:28,1
DA:32,1
DA:34,0
DA:37,1
LF:10
LH:7
BRF:0
BRH:0
end_of_record
TN:
SF:/Users/faustinocortina/cs52/project-boost-mobile/screens/DataScreen.js
FN:13,(anonymous_0)
FN:26,(anonymous_1)
FN:31,(anonymous_2)
FN:36,(anonymous_3)
FN:42,(anonymous_4)
FN:164,(anonymous_5)
FNF:6
FNH:0
FNDA:0,(anonymous_0)
FNDA:0,(anonymous_1)
FNDA:0,(anonymous_2)
FNDA:0,(anonymous_3)
FNDA:0,(anonymous_4)
FNDA:0,(anonymous_5)
DA:14,0
DA:16,0
DA:27,0
DA:32,0
DA:37,0
DA:43,0
DA:108,1
DA:164,1
DA:165,0
LF:9
LH:2
BRDA:50,0,0,0
BRDA:50,0,1,0
BRDA:57,1,0,0
BRDA:57,1,1,0
BRDA:64,2,0,0
BRDA:64,2,1,0
BRF:6
BRH:0
end_of_record
TN:
SF:/Users/faustinocortina/cs52/project-boost-mobile/screens/LoginScreen.js
FN:24,(anonymous_0)
FN:31,(anonymous_1)
FN:56,(anonymous_2)
FN:76,(anonymous_3)
FN:133,(anonymous_4)
FN:135,(anonymous_5)
FNF:6
FNH:3
FNDA:2,(anonymous_0)
FNDA:2,(anonymous_1)
FNDA:0,(anonymous_2)
FNDA:0,(anonymous_3)
FNDA:2,(anonymous_4)
FNDA:0,(anonymous_5)
DA:17,1
DA:25,2
DA:26,0
DA:27,0
DA:32,2
DA:57,0
DA:58,0
DA:67,0
DA:68,0
DA:73,0
DA:77,0
DA:78,0
DA:81,0
DA:84,0
DA:89,1
DA:133,1
DA:134,2
DA:136,0
LF:18
LH:6
BRDA:25,0,0,0
BRDA:25,0,1,2
BRDA:60,1,0,0
BRDA:60,1,1,0
BRDA:67,2,0,0
BRDA:67,2,1,0
BRF:6
BRH:1
end_of_record
TN:
SF:/Users/faustinocortina/cs52/project-boost-mobile/screens/ProvideInitialInfoScreen.js
FN:19,(anonymous_0)
FN:25,(anonymous_1)
FN:32,(anonymous_2)
FN:37,(anonymous_3)
FN:59,(anonymous_4)
FN:69,(anonymous_5)
FN:84,(anonymous_6)
FN:93,(anonymous_7)
FN:96,(anonymous_8)
FN:100,(anonymous_9)
FN:104,(anonymous_10)
FN:115,(anonymous_11)
FN:120,(anonymous_12)
FN:137,(anonymous_13)
FN:138,(anonymous_14)
FN:145,(anonymous_15)
FN:177,(anonymous_16)
FN:193,(anonymous_17)
FN:202,(anonymous_18)
FN:224,(anonymous_19)
FN:236,(anonymous_20)
FN:249,(anonymous_21)
FN:290,(anonymous_22)
FN:431,(anonymous_23)
FN:439,(anonymous_24)
FN:441,(anonymous_25)
FNF:26
FNH:0
FNDA:0,(anonymous_0)
FNDA:0,(anonymous_1)
FNDA:0,(anonymous_2)
FNDA:0,(anonymous_3)
FNDA:0,(anonymous_4)
FNDA:0,(anonymous_5)
FNDA:0,(anonymous_6)
FNDA:0,(anonymous_7)
FNDA:0,(anonymous_8)
FNDA:0,(anonymous_9)
FNDA:0,(anonymous_10)
FNDA:0,(anonymous_11)
FNDA:0,(anonymous_12)
FNDA:0,(anonymous_13)
FNDA:0,(anonymous_14)
FNDA:0,(anonymous_15)
FNDA:0,(anonymous_16)
FNDA:0,(anonymous_17)
FNDA:0,(anonymous_18)
FNDA:0,(anonymous_19)
FNDA:0,(anonymous_20)
FNDA:0,(anonymous_21)
FNDA:0,(anonymous_22)
FNDA:0,(anonymous_23)
FNDA:0,(anonymous_24)
FNDA:0,(anonymous_25)
DA:14,1
DA:15,1
DA:16,1
DA:20,0
DA:23,0
DA:25,0
DA:26,0
DA:29,0
DA:32,0
DA:33,0
DA:37,0
DA:38,0
DA:41,0
DA:60,0
DA:70,0
DA:73,0
DA:74,0
DA:78,0
DA:85,0
DA:86,0
DA:94,0
DA:97,0
DA:98,0
DA:101,0
DA:105,0
DA:108,0
DA:116,0
DA:121,0
DA:122,0
DA:138,0
DA:140,0
DA:146,0
DA:149,0
DA:157,0
DA:178,0
DA:179,0
DA:180,0
DA:194,0
DA:203,0
DA:225,0
DA:237,0
DA:238,0
DA:239,0
DA:241,0
DA:250,0
DA:291,0
DA:301,1
DA:431,1
DA:432,0
DA:439,1
DA:440,0
DA:442,0
LF:52
LH:6
BRDA:42,0,0,0
BRDA:42,0,1,0
BRDA:46,1,0,0
BRDA:46,1,1,0
BRDA:61,2,0,0
BRDA:61,2,1,0
BRDA:61,2,2,0
BRDA:61,2,3,0
BRDA:73,3,0,0
BRDA:73,3,1,0
BRDA:73,4,0,0
BRDA:73,4,1,0
BRDA:85,5,0,0
BRDA:85,5,1,0
BRDA:237,6,0,0
BRDA:237,6,1,0
BRDA:237,7,0,0
BRDA:237,7,1,0
BRDA:276,8,0,0
BRDA:276,8,1,0
BRDA:276,9,0,0
BRDA:276,9,1,0
BRF:22
BRH:0
end_of_record
TN:
SF:/Users/faustinocortina/cs52/project-boost-mobile/screens/SettingsScreen.js
FN:15,(anonymous_0)
FN:21,(anonymous_1)
FN:44,(anonymous_2)
FN:61,(anonymous_3)
FN:70,(anonymous_4)
FN:74,(anonymous_5)
FN:77,(anonymous_6)
FN:86,(anonymous_7)
FN:91,(anonymous_8)
FN:108,(anonymous_9)
FN:109,(anonymous_10)
FN:116,(anonymous_11)
FN:139,(anonymous_12)
FN:156,(anonymous_13)
FN:165,(anonymous_14)
FN:187,(anonymous_15)
FN:200,(anonymous_16)
FN:229,(anonymous_17)
FN:367,(anonymous_18)
FN:373,(anonymous_19)
FN:375,(anonymous_20)
FNF:21
FNH:0
FNDA:0,(anonymous_0)
FNDA:0,(anonymous_1)
FNDA:0,(anonymous_2)
FNDA:0,(anonymous_3)
FNDA:0,(anonymous_4)
FNDA:0,(anonymous_5)
FNDA:0,(anonymous_6)
FNDA:0,(anonymous_7)
FNDA:0,(anonymous_8)
FNDA:0,(anonymous_9)
FNDA:0,(anonymous_10)
FNDA:0,(anonymous_11)
FNDA:0,(anonymous_12)
FNDA:0,(anonymous_13)
FNDA:0,(anonymous_14)
FNDA:0,(anonymous_15)
FNDA:0,(anonymous_16)
FNDA:0,(anonymous_17)
FNDA:0,(anonymous_18)
FNDA:0,(anonymous_19)
FNDA:0,(anonymous_20)
DA:16,0
DA:19,0
DA:21,0
DA:22,0
DA:25,0
DA:45,0
DA:48,0
DA:49,0
DA:55,0
DA:63,0
DA:72,0
DA:75,0
DA:78,0
DA:87,0
DA:92,0
DA:93,0
DA:109,0
DA:111,0
DA:117,0
DA:118,0
DA:124,0
DA:140,0
DA:141,0
DA:143,0
DA:157,0
DA:166,0
DA:188,0
DA:201,0
DA:230,0
DA:240,1
DA:367,1
DA:368,0
DA:373,1
DA:374,0
DA:376,0
LF:35
LH:3
BRDA:27,0,0,0
BRDA:27,0,1,0
BRDA:31,1,0,0
BRDA:31,1,1,0
BRDA:48,2,0,0
BRDA:48,2,1,0
BRDA:48,3,0,0
BRDA:48,3,1,0
BRF:8
BRH:0
end_of_record
TN:
SF:/Users/faustinocortina/cs52/project-boost-mobile/screens/SurveyScreen.js
FN:24,(anonymous_0)
FN:39,(anonymous_1)
FN:44,(anonymous_2)
FN:50,(anonymous_3)
FN:68,(anonymous_4)
FN:72,(anonymous_5)
FN:85,(anonymous_6)
FN:93,(anonymous_7)
FN:106,(anonymous_8)
FN:111,(anonymous_9)
FN:114,(anonymous_10)
FN:124,(anonymous_11)
FN:127,(anonymous_12)
FN:137,(anonymous_13)
FN:139,(anonymous_14)
FN:141,(anonymous_15)
FN:153,(anonymous_16)
FN:165,(anonymous_17)
FN:169,(anonymous_18)
FN:171,(anonymous_19)
FN:183,(anonymous_20)
FN:186,(anonymous_21)
FN:192,(anonymous_22)
FN:228,(anonymous_23)
FN:242,(anonymous_24)
FN:254,(anonymous_25)
FN:390,(anonymous_26)
FNF:27
FNH:0
FNDA:0,(anonymous_0)
FNDA:0,(anonymous_1)
FNDA:0,(anonymous_2)
FNDA:0,(anonymous_3)
FNDA:0,(anonymous_4)
FNDA:0,(anonymous_5)
FNDA:0,(anonymous_6)
FNDA:0,(anonymous_7)
FNDA:0,(anonymous_8)
FNDA:0,(anonymous_9)
FNDA:0,(anonymous_10)
FNDA:0,(anonymous_11)
FNDA:0,(anonymous_12)
FNDA:0,(anonymous_13)
FNDA:0,(anonymous_14)
FNDA:0,(anonymous_15)
FNDA:0,(anonymous_16)
FNDA:0,(anonymous_17)
FNDA:0,(anonymous_18)
FNDA:0,(anonymous_19)
FNDA:0,(anonymous_20)
FNDA:0,(anonymous_21)
FNDA:0,(anonymous_22)
FNDA:0,(anonymous_23)
FNDA:0,(anonymous_24)
FNDA:0,(anonymous_25)
FNDA:0,(anonymous_26)
DA:25,0
DA:27,0
DA:40,0
DA:41,0
DA:46,0
DA:47,0
DA:51,0
DA:52,0
DA:53,0
DA:54,0
DA:56,0
DA:58,0
DA:69,0
DA:73,0
DA:85,0
DA:94,0
DA:95,0
DA:96,0
DA:97,0
DA:98,0
DA:99,0
DA:100,0
DA:101,0
DA:102,0
DA:103,0
DA:107,0
DA:108,0
DA:112,0
DA:113,0
DA:114,0
DA:115,0
DA:116,0
DA:117,0
DA:118,0
DA:119,0
DA:125,0
DA:126,0
DA:127,0
DA:128,0
DA:129,0
DA:130,0
DA:131,0
DA:132,0
DA:138,0
DA:139,0
DA:141,0
DA:142,0
DA:143,0
DA:146,0
DA:154,0
DA:158,0
DA:159,0
DA:161,0
DA:166,0
DA:170,0
DA:171,0
DA:173,0
DA:181,0
DA:182,0
DA:184,0
DA:187,0
DA:188,0
DA:193,0
DA:229,0
DA:243,0
DA:255,0
DA:266,1
DA:390,1
DA:391,0
LF:69
LH:2
BRDA:46,0,0,0
BRDA:46,0,1,0
BRDA:52,1,0,0
BRDA:52,1,1,0
BRDA:61,2,0,0
BRDA:61,2,1,0
BRDA:77,3,0,0
BRDA:77,3,1,0
BRDA:94,4,0,0
BRDA:94,4,1,0
BRDA:94,5,0,0
BRDA:94,5,1,0
BRDA:112,6,0,0
BRDA:112,6,1,0
BRDA:118,7,0,0
BRDA:118,7,1,0
BRDA:125,8,0,0
BRDA:125,8,1,0
BRDA:131,9,0,0
BRDA:131,9,1,0
BRDA:138,10,0,0
BRDA:138,10,1,0
BRDA:142,11,0,0
BRDA:142,11,1,0
BRDA:154,12,0,0
BRDA:154,12,1,0
BRDA:155,13,0,0
BRDA:155,13,1,0
BRDA:197,14,0,0
BRDA:197,14,1,0
BRDA:200,15,0,0
BRDA:200,15,1,0
BRDA:206,16,0,0
BRDA:206,16,1,0
BRDA:225,17,0,0
BRDA:225,17,1,0
BRDA:225,18,0,0
BRDA:225,18,1,0
BRDA:231,19,0,0
BRDA:231,19,1,0
BRDA:236,20,0,0
BRDA:236,20,1,0
BRDA:237,21,0,0
BRDA:237,21,1,0
BRDA:251,22,0,0
BRDA:251,22,1,0
BRF:46
BRH:0
end_of_record
TN:
SF:/Users/faustinocortina/cs52/project-boost-mobile/screens/VerifyAuth.js
FN:16,(anonymous_0)
FN:22,(anonymous_1)
FN:25,(anonymous_2)
FN:29,(anonymous_3)
FN:37,(anonymous_4)
FN:40,(anonymous_5)
FN:44,(anonymous_6)
FN:51,(anonymous_7)
FN:54,(anonymous_8)
FN:59,(anonymous_9)
FN:67,(anonymous_10)
FN:75,(anonymous_11)
FN:81,(anonymous_12)
FN:90,(anonymous_13)
FN:132,(anonymous_14)
FN:138,(anonymous_15)
FN:140,(anonymous_16)
FN:143,(anonymous_17)
FN:146,(anonymous_18)
FN:147,(anonymous_19)
FNF:20
FNH:0
FNDA:0,(anonymous_0)
FNDA:0,(anonymous_1)
FNDA:0,(anonymous_2)
FNDA:0,(anonymous_3)
FNDA:0,(anonymous_4)
FNDA:0,(anonymous_5)
FNDA:0,(anonymous_6)
FNDA:0,(anonymous_7)
FNDA:0,(anonymous_8)
FNDA:0,(anonymous_9)
FNDA:0,(anonymous_10)
FNDA:0,(anonymous_11)
FNDA:0,(anonymous_12)
FNDA:0,(anonymous_13)
FNDA:0,(anonymous_14)
FNDA:0,(anonymous_15)
FNDA:0,(anonymous_16)
FNDA:0,(anonymous_17)
FNDA:0,(anonymous_18)
FNDA:0,(anonymous_19)
DA:18,0
DA:21,0
DA:23,0
DA:26,0
DA:27,0
DA:30,0
DA:36,0
DA:38,0
DA:41,0
DA:42,0
DA:45,0
DA:50,0
DA:52,0
DA:55,0
DA:57,0
DA:60,0
DA:66,0
DA:69,0
DA:70,0
DA:72,0
DA:76,0
DA:82,0
DA:91,0
DA:105,1
DA:132,1
DA:133,0
DA:138,1
DA:139,0
DA:141,0
DA:144,0
DA:147,0
DA:148,0
DA:149,0
LF:33
LH:3
BRDA:69,0,0,0
BRDA:69,0,1,0
BRDA:83,1,0,0
BRDA:83,1,1,0
BRDA:83,1,2,0
BRDA:83,1,3,0
BRF:6
BRH:0
end_of_record
TN:
SF:/Users/faustinocortina/cs52/project-boost-mobile/state/create_store.js
FNF:0
FNH:0
DA:6,1
LF:1
LH:1
BRF:0
BRH:0
end_of_record
TN:
SF:/Users/faustinocortina/cs52/project-boost-mobile/state/actions/index.js
FN:1,(anonymous_0)
FN:8,(anonymous_1)
FN:15,(anonymous_2)
FN:22,(anonymous_3)
FNF:4
FNH:0
FNDA:0,(anonymous_0)
FNDA:0,(anonymous_1)
FNDA:0,(anonymous_2)
FNDA:0,(anonymous_3)
DA:1,1
DA:2,0
DA:8,1
DA:9,0
DA:15,1
DA:16,0
DA:22,1
DA:23,0
LF:8
LH:4
BRF:0
BRH:0
end_of_record
TN:
SF:/Users/faustinocortina/cs52/project-boost-mobile/state/reducers/index.js
FNF:0
FNH:0
DA:5,1
LF:1
LH:1
BRF:0
BRH:0
end_of_record
TN:
SF:/Users/faustinocortina/cs52/project-boost-mobile/state/reducers/user_info_reducer.js
FN:8,(anonymous_0)
FNF:1
FNH:1
FNDA:3,(anonymous_0)
DA:1,1
DA:8,1
DA:9,3
DA:11,0
DA:14,0
DA:17,0
DA:20,0
DA:23,3
LF:8
LH:4
BRDA:8,0,0,3
BRDA:9,1,0,0
BRDA:9,1,1,0
BRDA:9,1,2,0
BRDA:9,1,3,0
BRDA:9,1,4,3
BRF:6
BRH:2
end_of_record
